#
# There is insufficient memory for the Java Runtime Environment to continue.
# Native memory allocation (mmap) failed to map 194510848 bytes for committing reserved memory.
# Possible reasons:
#   The system is out of physical RAM or swap space
#   In 32 bit mode, the process size limit was hit
# Possible solutions:
#   Reduce memory load on the system
#   Increase physical memory or swap space
#   Check if swap backing store is full
#   Use 64 bit Java on a 64 bit OS
#   Decrease Java heap size (-Xmx/-Xms)
#   Decrease number of Java threads
#   Decrease Java thread stack sizes (-Xss)
#   Set larger code cache with -XX:ReservedCodeCacheSize=
# This output file may be truncated or incomplete.
#
#  Out of Memory Error (os_linux.cpp:2640), pid=14970, tid=0x00007f396bafa700
#
# JRE version: Java(TM) SE Runtime Environment (8.0_171-b11) (build 1.8.0_171-b11)
# Java VM: Java HotSpot(TM) 64-Bit Server VM (25.171-b11 mixed mode linux-amd64 compressed oops)
# Failed to write core dump. Core dumps have been disabled. To enable core dumping, try "ulimit -c unlimited" before starting Java again
#

---------------  T H R E A D  ---------------

Current thread (0x00007f3988078800):  VMThread [stack: 0x00007f396b9fa000,0x00007f396bafb000] [id=14983]

Stack: [0x00007f396b9fa000,0x00007f396bafb000],  sp=0x00007f396baf9020,  free space=1020k
Native frames: (J=compiled Java code, j=interpreted, Vv=VM code, C=native code)
V  [libjvm.so+0xacfffa]  VMError::report_and_die()+0x2ba
V  [libjvm.so+0x5005cb]  report_vm_out_of_memory(char const*, int, unsigned long, VMErrorType, char const*)+0x8b
V  [libjvm.so+0x92dd93]  os::Linux::commit_memory_impl(char*, unsigned long, bool)+0x123
V  [libjvm.so+0x92dfb9]  os::pd_commit_memory(char*, unsigned long, unsigned long, bool)+0x29
V  [libjvm.so+0x92527a]  os::commit_memory(char*, unsigned long, unsigned long, bool)+0x2a
V  [libjvm.so+0x99b223]  PSVirtualSpace::expand_by(unsigned long)+0x53
V  [libjvm.so+0x99c628]  PSYoungGen::resize_generation(unsigned long, unsigned long)+0xf8
V  [libjvm.so+0x99b782]  PSYoungGen::resize(unsigned long, unsigned long)+0x22
V  [libjvm.so+0x998a5b]  PSScavenge::invoke_no_policy()+0xf3b
V  [libjvm.so+0x9991e1]  PSScavenge::invoke()+0x41
V  [libjvm.so+0x94fcb0]  ParallelScavengeHeap::failed_mem_allocate(unsigned long)+0x70
V  [libjvm.so+0xad1a77]  VM_ParallelGCFailedAllocation::doit()+0x97
V  [libjvm.so+0xad9595]  VM_Operation::evaluate()+0x55
V  [libjvm.so+0xad795a]  VMThread::evaluate_operation(VM_Operation*)+0xba
V  [libjvm.so+0xad7cde]  VMThread::loop()+0x1ce
V  [libjvm.so+0xad8150]  VMThread::run()+0x70
V  [libjvm.so+0x92e0f8]  java_start(Thread*)+0x108

VM_Operation (0x00007f3990481440): ParallelGCFailedAllocation, mode: safepoint, requested by thread 0x00007f398800b000


---------------  P R O C E S S  ---------------

Java Threads: ( => current thread )
  0x00007f39882ac000 JavaThread "JavaFX Application Thread" [_thread_blocked, id=15000, stack(0x00007f392c57c000,0x00007f392c67d000)]
  0x00007f398825e800 JavaThread "Thread-1" daemon [_thread_blocked, id=14999, stack(0x00007f392c67d000,0x00007f392c77e000)]
  0x00007f39881b9800 JavaThread "QuantumRenderer-0" daemon [_thread_blocked, id=14992, stack(0x00007f396ac95000,0x00007f396ad96000)]
  0x00007f39880c9800 JavaThread "Service Thread" daemon [_thread_blocked, id=14990, stack(0x00007f396ae97000,0x00007f396af98000)]
  0x00007f39880be800 JavaThread "C1 CompilerThread2" daemon [_thread_blocked, id=14989, stack(0x00007f396af98000,0x00007f396b099000)]
  0x00007f39880bc800 JavaThread "C2 CompilerThread1" daemon [_thread_blocked, id=14988, stack(0x00007f396b099000,0x00007f396b19a000)]
  0x00007f39880b9800 JavaThread "C2 CompilerThread0" daemon [_thread_blocked, id=14987, stack(0x00007f396b19a000,0x00007f396b29b000)]
  0x00007f39880b8000 JavaThread "Signal Dispatcher" daemon [_thread_blocked, id=14986, stack(0x00007f396b29b000,0x00007f396b39c000)]
  0x00007f3988085000 JavaThread "Finalizer" daemon [_thread_blocked, id=14985, stack(0x00007f396b7f8000,0x00007f396b8f9000)]
  0x00007f3988080800 JavaThread "Reference Handler" daemon [_thread_blocked, id=14984, stack(0x00007f396b8f9000,0x00007f396b9fa000)]
  0x00007f398800b000 JavaThread "main" [_thread_blocked, id=14976, stack(0x00007f3990383000,0x00007f3990484000)]

Other Threads:
=>0x00007f3988078800 VMThread [stack: 0x00007f396b9fa000,0x00007f396bafb000] [id=14983]
  0x00007f39880ce800 WatcherThread [stack: 0x00007f396ad96000,0x00007f396ae97000] [id=14991]

VM state:at safepoint (normal execution)

VM Mutex/Monitor currently owned by a thread:  ([mutex/lock_event])
[0x00007f39880070a0] Threads_lock - owner thread: 0x00007f3988078800
[0x00007f39880075a0] Heap_lock - owner thread: 0x00007f398800b000

Heap:
 PSYoungGen      total 274432K, used 28208K [0x00000000d8000000, 0x00000000ed000000, 0x0000000100000000)
  eden space 225280K, 0% used [0x00000000d8000000,0x00000000d8000000,0x00000000e5c00000)
  from space 49152K, 57% used [0x00000000e5c00000,0x00000000e778c010,0x00000000e8c00000)
  to   space 28672K, 0% used [0x00000000e8c00000,0x00000000e8c00000,0x00000000ea800000)
 ParOldGen       total 96256K, used 32721K [0x0000000088000000, 0x000000008de00000, 0x00000000d8000000)
  object space 96256K, 33% used [0x0000000088000000,0x0000000089ff4638,0x000000008de00000)
 Metaspace       used 6524K, capacity 6958K, committed 7040K, reserved 1056768K
  class space    used 726K, capacity 837K, committed 896K, reserved 1048576K

Card table byte_map: [0x00007f398cd7b000,0x00007f398d13c000] byte_map_base: 0x00007f398c93b000

Marking Bits: (ParMarkBitMap*) 0x00007f398f874280
 Begin Bits: [0x00007f3970400000, 0x00007f3972200000)
 End Bits:   [0x00007f3972200000, 0x00007f3974000000)

Polling page: 0x00007f39904c6000

CodeCache: size=245760Kb used=3487Kb max_used=3545Kb free=242272Kb
 bounds [0x00007f3979000000, 0x00007f3979380000, 0x00007f3988000000]
 total_blobs=1023 nmethods=625 adapters=312
 compilation: enabled

Compilation events (10 events):
Event: 11,088 Thread 0x00007f39880b9800  623       4       sun.nio.cs.UTF_8$Decoder::isNotContinuation (17 bytes)
Event: 11,088 Thread 0x00007f39880b9800 nmethod 623 0x00007f39792c8a50 code [0x00007f39792c8ba0, 0x00007f39792c8bf8]
Event: 11,093 Thread 0x00007f39880be800 nmethod 622 0x00007f3979328750 code [0x00007f39793290c0, 0x00007f397932f888]
Event: 11,093 Thread 0x00007f39880b9800  624       4       sun.nio.cs.UTF_8$Decoder::decodeArrayLoop (691 bytes)
Event: 11,127 Thread 0x00007f39880b9800 nmethod 624 0x00007f3979336b50 code [0x00007f3979336da0, 0x00007f3979337bd0]
Event: 11,244 Thread 0x00007f39880b9800  625   !   4       sun.nio.cs.StreamDecoder::inReady (36 bytes)
Event: 11,245 Thread 0x00007f39880b9800 nmethod 625 0x00007f3979323cd0 code [0x00007f3979323e40, 0x00007f3979323f48]
Event: 11,327 Thread 0x00007f39880b9800  626       4       org.json.simple.JSONObject::toJSONString (109 bytes)
Event: 11,407 Thread 0x00007f39880bc800 nmethod 599 0x00007f3979349d90 code [0x00007f397934a820, 0x00007f3979359c20]
Event: 11,426 Thread 0x00007f39880b9800 nmethod 626 0x00007f3979343290 code [0x00007f39793434c0, 0x00007f39793450a8]

GC Heap History (10 events):
Event: 1,634 GC heap after
Heap after GC invocations=3 (full 0):
 PSYoungGen      total 66560K, used 5088K [0x00000000d8000000, 0x00000000e0200000, 0x0000000100000000)
  eden space 61440K, 0% used [0x00000000d8000000,0x00000000d8000000,0x00000000dbc00000)
  from space 5120K, 99% used [0x00000000dbc00000,0x00000000dc0f8060,0x00000000dc100000)
  to   space 5120K, 0% used [0x00000000dfd00000,0x00000000dfd00000,0x00000000e0200000)
 ParOldGen       total 81920K, used 34572K [0x0000000088000000, 0x000000008d000000, 0x00000000d8000000)
  object space 81920K, 42% used [0x0000000088000000,0x000000008a1c3358,0x000000008d000000)
 Metaspace       used 6521K, capacity 6958K, committed 7040K, reserved 1056768K
  class space    used 726K, capacity 837K, committed 896K, reserved 1048576K
}
Event: 1,883 GC heap before
{Heap before GC invocations=4 (full 0):
 PSYoungGen      total 66560K, used 66528K [0x00000000d8000000, 0x00000000e0200000, 0x0000000100000000)
  eden space 61440K, 100% used [0x00000000d8000000,0x00000000dbc00000,0x00000000dbc00000)
  from space 5120K, 99% used [0x00000000dbc00000,0x00000000dc0f8060,0x00000000dc100000)
  to   space 5120K, 0% used [0x00000000dfd00000,0x00000000dfd00000,0x00000000e0200000)
 ParOldGen       total 81920K, used 34572K [0x0000000088000000, 0x000000008d000000, 0x00000000d8000000)
  object space 81920K, 42% used [0x0000000088000000,0x000000008a1c3358,0x000000008d000000)
 Metaspace       used 6521K, capacity 6958K, committed 7040K, reserved 1056768K
  class space    used 726K, capacity 837K, committed 896K, reserved 1048576K
Event: 1,914 GC heap after
Heap after GC invocations=4 (full 0):
 PSYoungGen      total 128000K, used 5104K [0x00000000d8000000, 0x00000000e0200000, 0x0000000100000000)
  eden space 122880K, 0% used [0x00000000d8000000,0x00000000d8000000,0x00000000df800000)
  from space 5120K, 99% used [0x00000000dfd00000,0x00000000e01fc040,0x00000000e0200000)
  to   space 5120K, 0% used [0x00000000df800000,0x00000000df800000,0x00000000dfd00000)
 ParOldGen       total 81920K, used 40276K [0x0000000088000000, 0x000000008d000000, 0x00000000d8000000)
  object space 81920K, 49% used [0x0000000088000000,0x000000008a755368,0x000000008d000000)
 Metaspace       used 6521K, capacity 6958K, committed 7040K, reserved 1056768K
  class space    used 726K, capacity 837K, committed 896K, reserved 1048576K
}
Event: 2,949 GC heap before
{Heap before GC invocations=5 (full 0):
 PSYoungGen      total 128000K, used 127984K [0x00000000d8000000, 0x00000000e0200000, 0x0000000100000000)
  eden space 122880K, 100% used [0x00000000d8000000,0x00000000df800000,0x00000000df800000)
  from space 5120K, 99% used [0x00000000dfd00000,0x00000000e01fc040,0x00000000e0200000)
  to   space 5120K, 0% used [0x00000000df800000,0x00000000df800000,0x00000000dfd00000)
 ParOldGen       total 81920K, used 40276K [0x0000000088000000, 0x000000008d000000, 0x00000000d8000000)
  object space 81920K, 49% used [0x0000000088000000,0x000000008a755368,0x000000008d000000)
 Metaspace       used 6522K, capacity 6958K, committed 7040K, reserved 1056768K
  class space    used 726K, capacity 837K, committed 896K, reserved 1048576K
Event: 10,025 GC heap after
Heap after GC invocations=5 (full 0):
 PSYoungGen      total 128000K, used 5088K [0x00000000d8000000, 0x00000000ea800000, 0x0000000100000000)
  eden space 122880K, 0% used [0x00000000d8000000,0x00000000d8000000,0x00000000df800000)
  from space 5120K, 99% used [0x00000000df800000,0x00000000dfcf8050,0x00000000dfd00000)
  to   space 28672K, 0% used [0x00000000e8c00000,0x00000000e8c00000,0x00000000ea800000)
 ParOldGen       total 81920K, used 44476K [0x0000000088000000, 0x000000008d000000, 0x00000000d8000000)
  object space 81920K, 54% used [0x0000000088000000,0x000000008ab6f368,0x000000008d000000)
 Metaspace       used 6522K, capacity 6958K, committed 7040K, reserved 1056768K
  class space    used 726K, capacity 837K, committed 896K, reserved 1048576K
}
Event: 10,726 GC heap before
{Heap before GC invocations=6 (full 0):
 PSYoungGen      total 128000K, used 127968K [0x00000000d8000000, 0x00000000ea800000, 0x0000000100000000)
  eden space 122880K, 100% used [0x00000000d8000000,0x00000000df800000,0x00000000df800000)
  from space 5120K, 99% used [0x00000000df800000,0x00000000dfcf8050,0x00000000dfd00000)
  to   space 28672K, 0% used [0x00000000e8c00000,0x00000000e8c00000,0x00000000ea800000)
 ParOldGen       total 81920K, used 44476K [0x0000000088000000, 0x000000008d000000, 0x00000000d8000000)
  object space 81920K, 54% used [0x0000000088000000,0x000000008ab6f368,0x000000008d000000)
 Metaspace       used 6523K, capacity 6958K, committed 7040K, reserved 1056768K
  class space    used 726K, capacity 837K, committed 896K, reserved 1048576K
Event: 10,867 GC heap after
Heap after GC invocations=6 (full 0):
 PSYoungGen      total 253952K, used 28656K [0x00000000d8000000, 0x00000000ed000000, 0x0000000100000000)
  eden space 225280K, 0% used [0x00000000d8000000,0x00000000d8000000,0x00000000e5c00000)
  from space 28672K, 99% used [0x00000000e8c00000,0x00000000ea7fc040,0x00000000ea800000)
  to   space 49152K, 0% used [0x00000000e5c00000,0x00000000e5c00000,0x00000000e8c00000)
 ParOldGen       total 81920K, used 70756K [0x0000000088000000, 0x000000008d000000, 0x00000000d8000000)
  object space 81920K, 86% used [0x0000000088000000,0x000000008c519368,0x000000008d000000)
 Metaspace       used 6523K, capacity 6958K, committed 7040K, reserved 1056768K
  class space    used 726K, capacity 837K, committed 896K, reserved 1048576K
}
Event: 10,867 GC heap before
{Heap before GC invocations=7 (full 1):
 PSYoungGen      total 253952K, used 28656K [0x00000000d8000000, 0x00000000ed000000, 0x0000000100000000)
  eden space 225280K, 0% used [0x00000000d8000000,0x00000000d8000000,0x00000000e5c00000)
  from space 28672K, 99% used [0x00000000e8c00000,0x00000000ea7fc040,0x00000000ea800000)
  to   space 49152K, 0% used [0x00000000e5c00000,0x00000000e5c00000,0x00000000e8c00000)
 ParOldGen       total 81920K, used 70756K [0x0000000088000000, 0x000000008d000000, 0x00000000d8000000)
  object space 81920K, 86% used [0x0000000088000000,0x000000008c519368,0x000000008d000000)
 Metaspace       used 6523K, capacity 6958K, committed 7040K, reserved 1056768K
  class space    used 726K, capacity 837K, committed 896K, reserved 1048576K
Event: 11,025 GC heap after
Heap after GC invocations=7 (full 1):
 PSYoungGen      total 253952K, used 0K [0x00000000d8000000, 0x00000000ed000000, 0x0000000100000000)
  eden space 225280K, 0% used [0x00000000d8000000,0x00000000d8000000,0x00000000e5c00000)
  from space 28672K, 0% used [0x00000000e8c00000,0x00000000e8c00000,0x00000000ea800000)
  to   space 49152K, 0% used [0x00000000e5c00000,0x00000000e5c00000,0x00000000e8c00000)
 ParOldGen       total 96256K, used 32721K [0x0000000088000000, 0x000000008de00000, 0x00000000d8000000)
  object space 96256K, 33% used [0x0000000088000000,0x0000000089ff4638,0x000000008de00000)
 Metaspace       used 6523K, capacity 6958K, committed 7040K, reserved 1056768K
  class space    used 726K, capacity 837K, committed 896K, reserved 1048576K
}
Event: 11,667 GC heap before
{Heap before GC invocations=8 (full 1):
 PSYoungGen      total 253952K, used 225280K [0x00000000d8000000, 0x00000000ed000000, 0x0000000100000000)
  eden space 225280K, 100% used [0x00000000d8000000,0x00000000e5c00000,0x00000000e5c00000)
  from space 28672K, 0% used [0x00000000e8c00000,0x00000000e8c00000,0x00000000ea800000)
  to   space 49152K, 0% used [0x00000000e5c00000,0x00000000e5c00000,0x00000000e8c00000)
 ParOldGen       total 96256K, used 32721K [0x0000000088000000, 0x000000008de00000, 0x00000000d8000000)
  object space 96256K, 33% used [0x0000000088000000,0x0000000089ff4638,0x000000008de00000)
 Metaspace       used 6524K, capacity 6958K, committed 7040K, reserved 1056768K
  class space    used 726K, capacity 837K, committed 896K, reserved 1048576K

Deoptimization events (10 events):
Event: 1,079 Thread 0x00007f398800b000 Uncommon trap: reason=unstable_if action=reinterpret pc=0x00007f397927ae0c method=sun.nio.cs.UTF_8$Decoder.decodeArrayLoop(Ljava/nio/ByteBuffer;Ljava/nio/CharBuffer;)Ljava/nio/charset/CoderResult; @ 191
Event: 1,186 Thread 0x00007f398800b000 Uncommon trap: reason=unstable_if action=reinterpret pc=0x00007f397923a53c method=org.json.simple.parser.Yylex.yylex()Lorg/json/simple/parser/Yytoken; @ 248
Event: 1,186 Thread 0x00007f398800b000 Uncommon trap: reason=unstable_if action=reinterpret pc=0x00007f397922d3f0 method=java.util.LinkedList.unlinkFirst(Ljava/util/LinkedList$Node;)Ljava/lang/Object; @ 26
Event: 1,188 Thread 0x00007f398800b000 Uncommon trap: reason=unstable_if action=reinterpret pc=0x00007f39791dbcfc method=java.lang.String.indexOf([CII[CIII)I @ 134
Event: 1,213 Thread 0x00007f398800b000 Uncommon trap: reason=unstable_if action=reinterpret pc=0x00007f3979236f24 method=java.util.LinkedList.linkFirst(Ljava/lang/Object;)V @ 22
Event: 1,685 Thread 0x00007f398800b000 Uncommon trap: reason=unstable_if action=reinterpret pc=0x00007f39792d2bb4 method=org.json.simple.parser.JSONParser.parse(Ljava/io/Reader;Lorg/json/simple/parser/ContainerFactory;)Ljava/lang/Object; @ 360
Event: 1,685 Thread 0x00007f398800b000 Uncommon trap: reason=unstable_if action=reinterpret pc=0x00007f39792d9b48 method=org.json.simple.parser.Yylex.yylex()Lorg/json/simple/parser/Yytoken; @ 152
Event: 1,685 Thread 0x00007f398800b000 Uncommon trap: reason=unstable_if action=reinterpret pc=0x00007f397921feac method=org.json.simple.parser.JSONParser.nextToken()V @ 15
Event: 1,685 Thread 0x00007f398800b000 Uncommon trap: reason=unstable_if action=reinterpret pc=0x00007f397922d0fc method=java.util.LinkedList.unlinkFirst(Ljava/util/LinkedList$Node;)Ljava/lang/Object; @ 26
Event: 11,081 Thread 0x00007f398800b000 Uncommon trap: reason=unstable_if action=reinterpret pc=0x00007f39792918e4 method=sun.nio.cs.UTF_8$Decoder.decodeArrayLoop(Ljava/nio/ByteBuffer;Ljava/nio/CharBuffer;)Ljava/nio/charset/CoderResult; @ 280

Classes redefined (0 events):
No events

Internal exceptions (10 events):
Event: 0,249 Thread 0x00007f398800b000 Exception <a 'java/lang/NoSuchFieldError': method resolution failed> (0x00000000d8207c90) thrown at [/HUDSON/workspace/8-2-build-linux-amd64/jdk8u171/10807/hotspot/src/share/vm/prims/methodHandles.cpp, line 1167]
Event: 0,252 Thread 0x00007f398800b000 Exception <a 'java/lang/NoSuchFieldError': method resolution failed> (0x00000000d8215010) thrown at [/HUDSON/workspace/8-2-build-linux-amd64/jdk8u171/10807/hotspot/src/share/vm/prims/methodHandles.cpp, line 1167]
Event: 0,286 Thread 0x00007f398800b000 Exception <a 'java/security/PrivilegedActionException'> (0x00000000d829e820) thrown at [/HUDSON/workspace/8-2-build-linux-amd64/jdk8u171/10807/hotspot/src/share/vm/prims/jvm.cpp, line 1435]
Event: 0,286 Thread 0x00007f398800b000 Exception <a 'java/security/PrivilegedActionException'> (0x00000000d829ea30) thrown at [/HUDSON/workspace/8-2-build-linux-amd64/jdk8u171/10807/hotspot/src/share/vm/prims/jvm.cpp, line 1435]
Event: 0,286 Thread 0x00007f398800b000 Exception <a 'java/security/PrivilegedActionException'> (0x00000000d82a0e98) thrown at [/HUDSON/workspace/8-2-build-linux-amd64/jdk8u171/10807/hotspot/src/share/vm/prims/jvm.cpp, line 1435]
Event: 0,286 Thread 0x00007f398800b000 Exception <a 'java/security/PrivilegedActionException'> (0x00000000d82a10a8) thrown at [/HUDSON/workspace/8-2-build-linux-amd64/jdk8u171/10807/hotspot/src/share/vm/prims/jvm.cpp, line 1435]
Event: 0,287 Thread 0x00007f398800b000 Exception <a 'java/lang/NullPointerException'> (0x00000000d82a1680) thrown at [/HUDSON/workspace/8-2-build-linux-amd64/jdk8u171/10807/hotspot/src/share/vm/interpreter/linkResolver.cpp, line 1185]
Event: 1,186 Thread 0x00007f398800b000 Implicit null exception at 0x00007f397922d3b4 to 0x00007f397922d3dd
Event: 1,213 Thread 0x00007f398800b000 Implicit null exception at 0x00007f3979236ed1 to 0x00007f3979236f0a
Event: 1,685 Thread 0x00007f398800b000 Implicit null exception at 0x00007f397922d0b9 to 0x00007f397922d0e9

Events (10 events):
Event: 11,125 Thread 0x00007f398800b000 DEOPT UNPACKING pc=0x00007f3979047784 sp=0x00007f3990480f40 mode 0
Event: 11,126 Thread 0x00007f398800b000 DEOPT PACKING pc=0x00007f397932ebe3 sp=0x00007f3990481120
Event: 11,126 Thread 0x00007f398800b000 DEOPT UNPACKING pc=0x00007f3979047784 sp=0x00007f3990480f40 mode 0
Event: 11,126 Thread 0x00007f398800b000 DEOPT PACKING pc=0x00007f397932ebe3 sp=0x00007f3990481120
Event: 11,126 Thread 0x00007f398800b000 DEOPT UNPACKING pc=0x00007f3979047784 sp=0x00007f3990480f40 mode 0
Event: 11,126 Thread 0x00007f398800b000 DEOPT PACKING pc=0x00007f397932ebe3 sp=0x00007f3990481120
Event: 11,126 Thread 0x00007f398800b000 DEOPT UNPACKING pc=0x00007f3979047784 sp=0x00007f3990480f40 mode 0
Event: 11,127 Thread 0x00007f398800b000 DEOPT PACKING pc=0x00007f397932ebe3 sp=0x00007f3990481120
Event: 11,127 Thread 0x00007f398800b000 DEOPT UNPACKING pc=0x00007f3979047784 sp=0x00007f3990480f40 mode 0
Event: 11,665 Executing VM operation: ParallelGCFailedAllocation


Dynamic libraries:
00400000-00401000 r-xp 00000000 08:01 12454488                           /usr/lib/jvm/java-8-oracle/bin/java
00600000-00601000 rw-p 00000000 08:01 12454488                           /usr/lib/jvm/java-8-oracle/bin/java
01346000-01367000 rw-p 00000000 00:00 0                                  [heap]
409d9000-40a75000 rw-p 00000000 00:00 0 
41a27000-41a29000 r-xs 00000000 08:01 5243728                            /tmp/.gl3gXfLC (deleted)
88000000-8de00000 rw-p 00000000 00:00 0 
8de00000-d8000000 ---p 00000000 00:00 0 
d8000000-ed000000 rw-p 00000000 00:00 0 
f8980000-100000000 ---p 00000000 00:00 0 
100000000-1000e0000 rw-p 00000000 00:00 0 
1000e0000-140000000 ---p 00000000 00:00 0 
7f3914000000-7f3914021000 rw-p 00000000 00:00 0 
7f3914021000-7f3918000000 ---p 00000000 00:00 0 
7f3918000000-7f3918050000 rw-p 00000000 00:00 0 
7f3918050000-7f391c000000 ---p 00000000 00:00 0 
7f391c000000-7f391c022000 rw-p 00000000 00:00 0 
7f391c022000-7f3920000000 ---p 00000000 00:00 0 
7f3920000000-7f3920021000 rw-p 00000000 00:00 0 
7f3920021000-7f3924000000 ---p 00000000 00:00 0 
7f39277ff000-7f3927800000 ---p 00000000 00:00 0 
7f3927800000-7f3928000000 rw-p 00000000 00:00 0 
7f3928000000-7f3928021000 rw-p 00000000 00:00 0 
7f3928021000-7f392c000000 ---p 00000000 00:00 0 
7f392c57c000-7f392c57f000 ---p 00000000 00:00 0 
7f392c57f000-7f392c67d000 rw-p 00000000 00:00 0 
7f392c67d000-7f392c680000 ---p 00000000 00:00 0 
7f392c680000-7f392c77e000 rw-p 00000000 00:00 0 
7f392c77e000-7f392c77f000 ---p 00000000 00:00 0 
7f392c77f000-7f392cf7f000 rw-p 00000000 00:00 0 
7f392cf7f000-7f392cf80000 ---p 00000000 00:00 0 
7f392cf80000-7f392d780000 rw-p 00000000 00:00 0 
7f392d780000-7f392d78b000 r-xp 00000000 08:01 12586197                   /usr/lib/x86_64-linux-gnu/gio/modules/libdconfsettings.so
7f392d78b000-7f392d98b000 ---p 0000b000 08:01 12586197                   /usr/lib/x86_64-linux-gnu/gio/modules/libdconfsettings.so
7f392d98b000-7f392d98c000 r--p 0000b000 08:01 12586197                   /usr/lib/x86_64-linux-gnu/gio/modules/libdconfsettings.so
7f392d98c000-7f392d98d000 rw-p 0000c000 08:01 12586197                   /usr/lib/x86_64-linux-gnu/gio/modules/libdconfsettings.so
7f392d98d000-7f392d9d3000 r--p 00000000 08:01 13394780                   /usr/share/glib-2.0/schemas/gschemas.compiled
7f392d9d3000-7f392d9da000 r-xp 00000000 08:01 12329826                   /usr/lib/x86_64-linux-gnu/libogg.so.0.8.2
7f392d9da000-7f392dbda000 ---p 00007000 08:01 12329826                   /usr/lib/x86_64-linux-gnu/libogg.so.0.8.2
7f392dbda000-7f392dbdb000 r--p 00007000 08:01 12329826                   /usr/lib/x86_64-linux-gnu/libogg.so.0.8.2
7f392dbdb000-7f392dbdc000 rw-p 00008000 08:01 12329826                   /usr/lib/x86_64-linux-gnu/libogg.so.0.8.2
7f392dbdc000-7f392dc06000 r-xp 00000000 08:01 12321822                   /usr/lib/x86_64-linux-gnu/libvorbis.so.0.4.8
7f392dc06000-7f392de05000 ---p 0002a000 08:01 12321822                   /usr/lib/x86_64-linux-gnu/libvorbis.so.0.4.8
7f392de05000-7f392de06000 r--p 00029000 08:01 12321822                   /usr/lib/x86_64-linux-gnu/libvorbis.so.0.4.8
7f392de06000-7f392de07000 rw-p 0002a000 08:01 12321822                   /usr/lib/x86_64-linux-gnu/libvorbis.so.0.4.8
7f392de07000-7f392de10000 r-xp 00000000 08:01 12329689                   /usr/lib/x86_64-linux-gnu/libltdl.so.7.3.1
7f392de10000-7f392e00f000 ---p 00009000 08:01 12329689                   /usr/lib/x86_64-linux-gnu/libltdl.so.7.3.1
7f392e00f000-7f392e010000 r--p 00008000 08:01 12329689                   /usr/lib/x86_64-linux-gnu/libltdl.so.7.3.1
7f392e010000-7f392e011000 rw-p 00009000 08:01 12329689                   /usr/lib/x86_64-linux-gnu/libltdl.so.7.3.1
7f392e011000-7f392e025000 r-xp 00000000 08:01 12330075                   /usr/lib/x86_64-linux-gnu/libtdb.so.1.3.8
7f392e025000-7f392e224000 ---p 00014000 08:01 12330075                   /usr/lib/x86_64-linux-gnu/libtdb.so.1.3.8
7f392e224000-7f392e225000 r--p 00013000 08:01 12330075                   /usr/lib/x86_64-linux-gnu/libtdb.so.1.3.8
7f392e225000-7f392e226000 rw-p 00014000 08:01 12330075                   /usr/lib/x86_64-linux-gnu/libtdb.so.1.3.8
7f392e226000-7f392e22d000 r-xp 00000000 08:01 12321458                   /usr/lib/x86_64-linux-gnu/libvorbisfile.so.3.3.7
7f392e22d000-7f392e42d000 ---p 00007000 08:01 12321458                   /usr/lib/x86_64-linux-gnu/libvorbisfile.so.3.3.7
7f392e42d000-7f392e42e000 r--p 00007000 08:01 12321458                   /usr/lib/x86_64-linux-gnu/libvorbisfile.so.3.3.7
7f392e42e000-7f392e42f000 rw-p 00008000 08:01 12321458                   /usr/lib/x86_64-linux-gnu/libvorbisfile.so.3.3.7
7f392e42f000-7f392e43f000 r-xp 00000000 08:01 12329075                   /usr/lib/x86_64-linux-gnu/libcanberra.so.0.2.5
7f392e43f000-7f392e63e000 ---p 00010000 08:01 12329075                   /usr/lib/x86_64-linux-gnu/libcanberra.so.0.2.5
7f392e63e000-7f392e63f000 r--p 0000f000 08:01 12329075                   /usr/lib/x86_64-linux-gnu/libcanberra.so.0.2.5
7f392e63f000-7f392e640000 rw-p 00010000 08:01 12329075                   /usr/lib/x86_64-linux-gnu/libcanberra.so.0.2.5
7f392e640000-7f392e644000 r-xp 00000000 08:01 12329071                   /usr/lib/x86_64-linux-gnu/libcanberra-gtk.so.0.1.9
7f392e644000-7f392e843000 ---p 00004000 08:01 12329071                   /usr/lib/x86_64-linux-gnu/libcanberra-gtk.so.0.1.9
7f392e843000-7f392e844000 r--p 00003000 08:01 12329071                   /usr/lib/x86_64-linux-gnu/libcanberra-gtk.so.0.1.9
7f392e844000-7f392e845000 rw-p 00004000 08:01 12329071                   /usr/lib/x86_64-linux-gnu/libcanberra-gtk.so.0.1.9
7f392e845000-7f392e84a000 r-xp 00000000 08:01 12586412                   /usr/lib/x86_64-linux-gnu/gtk-2.0/modules/libcanberra-gtk-module.so
7f392e84a000-7f392ea49000 ---p 00005000 08:01 12586412                   /usr/lib/x86_64-linux-gnu/gtk-2.0/modules/libcanberra-gtk-module.so
7f392ea49000-7f392ea4a000 r--p 00004000 08:01 12586412                   /usr/lib/x86_64-linux-gnu/gtk-2.0/modules/libcanberra-gtk-module.so
7f392ea4a000-7f392ea4b000 rw-p 00005000 08:01 12586412                   /usr/lib/x86_64-linux-gnu/gtk-2.0/modules/libcanberra-gtk-module.so
7f392ea4b000-7f392ea7b000 r-xp 00000000 08:01 12586394                   /usr/lib/x86_64-linux-gnu/gtk-2.0/2.10.0/engines/libmurrine.so
7f392ea7b000-7f392ec7b000 ---p 00030000 08:01 12586394                   /usr/lib/x86_64-linux-gnu/gtk-2.0/2.10.0/engines/libmurrine.so
7f392ec7b000-7f392ec7c000 r--p 00030000 08:01 12586394                   /usr/lib/x86_64-linux-gnu/gtk-2.0/2.10.0/engines/libmurrine.so
7f392ec7c000-7f392ec7d000 rw-p 00031000 08:01 12586394                   /usr/lib/x86_64-linux-gnu/gtk-2.0/2.10.0/engines/libmurrine.so
7f392ec7d000-7f392ec8d000 r-xp 00000000 08:01 12330133                   /usr/lib/x86_64-linux-gnu/libunity-gtk2-parser.so.0.0.0
7f392ec8d000-7f392ee8d000 ---p 00010000 08:01 12330133                   /usr/lib/x86_64-linux-gnu/libunity-gtk2-parser.so.0.0.0
7f392ee8d000-7f392ee8e000 r--p 00010000 08:01 12330133                   /usr/lib/x86_64-linux-gnu/libunity-gtk2-parser.so.0.0.0
7f392ee8e000-7f392ee8f000 rw-p 00011000 08:01 12330133                   /usr/lib/x86_64-linux-gnu/libunity-gtk2-parser.so.0.0.0
7f392ee8f000-7f392ee94000 r-xp 00000000 08:01 12586416                   /usr/lib/x86_64-linux-gnu/gtk-2.0/modules/libunity-gtk-module.so
7f392ee94000-7f392f093000 ---p 00005000 08:01 12586416                   /usr/lib/x86_64-linux-gnu/gtk-2.0/modules/libunity-gtk-module.so
7f392f093000-7f392f094000 r--p 00004000 08:01 12586416                   /usr/lib/x86_64-linux-gnu/gtk-2.0/modules/libunity-gtk-module.so
7f392f094000-7f392f095000 rw-p 00005000 08:01 12586416                   /usr/lib/x86_64-linux-gnu/gtk-2.0/modules/libunity-gtk-module.so
7f392f095000-7f392f0a7000 r-xp 00000000 08:01 7475685                    /lib/x86_64-linux-gnu/libgpg-error.so.0.17.0
7f392f0a7000-7f392f2a7000 ---p 00012000 08:01 7475685                    /lib/x86_64-linux-gnu/libgpg-error.so.0.17.0
7f392f2a7000-7f392f2a8000 r--p 00012000 08:01 7475685                    /lib/x86_64-linux-gnu/libgpg-error.so.0.17.0
7f392f2a8000-7f392f2a9000 rw-p 00013000 08:01 7475685                    /lib/x86_64-linux-gnu/libgpg-error.so.0.17.0
7f392f2a9000-7f392f380000 r-xp 00000000 08:01 7475553                    /lib/x86_64-linux-gnu/libgcrypt.so.20.0.5
7f392f380000-7f392f580000 ---p 000d7000 08:01 7475553                    /lib/x86_64-linux-gnu/libgcrypt.so.20.0.5
7f392f580000-7f392f581000 r--p 000d7000 08:01 7475553                    /lib/x86_64-linux-gnu/libgcrypt.so.20.0.5
7f392f581000-7f392f589000 rw-p 000d8000 08:01 7475553                    /lib/x86_64-linux-gnu/libgcrypt.so.20.0.5
7f392f589000-7f392f58a000 rw-p 00000000 00:00 0 
7f392f58a000-7f392f5ab000 r-xp 00000000 08:01 7475708                    /lib/x86_64-linux-gnu/liblzma.so.5.0.0
7f392f5ab000-7f392f7aa000 ---p 00021000 08:01 7475708                    /lib/x86_64-linux-gnu/liblzma.so.5.0.0
7f392f7aa000-7f392f7ab000 r--p 00020000 08:01 7475708                    /lib/x86_64-linux-gnu/liblzma.so.5.0.0
7f392f7ab000-7f392f7ac000 rw-p 00021000 08:01 7475708                    /lib/x86_64-linux-gnu/liblzma.so.5.0.0
7f392f7ac000-7f392f82c000 r-xp 00000000 08:01 7472596                    /lib/x86_64-linux-gnu/libsystemd.so.0.14.0
7f392f82c000-7f392f82f000 r--p 0007f000 08:01 7472596                    /lib/x86_64-linux-gnu/libsystemd.so.0.14.0
7f392f82f000-7f392f830000 rw-p 00082000 08:01 7472596                    /lib/x86_64-linux-gnu/libsystemd.so.0.14.0
7f392f830000-7f392f831000 rw-p 00000000 00:00 0 
7f392f831000-7f392f87b000 r-xp 00000000 08:01 7475657                    /lib/x86_64-linux-gnu/libdbus-1.so.3.14.6
7f392f87b000-7f392fa7b000 ---p 0004a000 08:01 7475657                    /lib/x86_64-linux-gnu/libdbus-1.so.3.14.6
7f392fa7b000-7f392fa7c000 r--p 0004a000 08:01 7475657                    /lib/x86_64-linux-gnu/libdbus-1.so.3.14.6
7f392fa7c000-7f392fa7d000 rw-p 0004b000 08:01 7475657                    /lib/x86_64-linux-gnu/libdbus-1.so.3.14.6
7f392fa7d000-7f392faa9000 r-xp 00000000 08:01 12329014                   /usr/lib/x86_64-linux-gnu/libatspi.so.0.0.1
7f392faa9000-7f392fca8000 ---p 0002c000 08:01 12329014                   /usr/lib/x86_64-linux-gnu/libatspi.so.0.0.1
7f392fca8000-7f392fcab000 r--p 0002b000 08:01 12329014                   /usr/lib/x86_64-linux-gnu/libatspi.so.0.0.1
7f392fcab000-7f392fcac000 rw-p 0002e000 08:01 12329014                   /usr/lib/x86_64-linux-gnu/libatspi.so.0.0.1
7f392fcac000-7f392fcd9000 r-xp 00000000 08:01 12329008                   /usr/lib/x86_64-linux-gnu/libatk-bridge-2.0.so.0.0.0
7f392fcd9000-7f392fed8000 ---p 0002d000 08:01 12329008                   /usr/lib/x86_64-linux-gnu/libatk-bridge-2.0.so.0.0.0
7f392fed8000-7f392fed9000 r--p 0002c000 08:01 12329008                   /usr/lib/x86_64-linux-gnu/libatk-bridge-2.0.so.0.0.0
7f392fed9000-7f392fedb000 rw-p 0002d000 08:01 12329008                   /usr/lib/x86_64-linux-gnu/libatk-bridge-2.0.so.0.0.0
7f392fedb000-7f392fedc000 r-xp 00000000 08:01 12586411                   /usr/lib/x86_64-linux-gnu/gtk-2.0/modules/libatk-bridge.so
7f392fedc000-7f39300db000 ---p 00001000 08:01 12586411                   /usr/lib/x86_64-linux-gnu/gtk-2.0/modules/libatk-bridge.so
7f39300db000-7f39300dc000 r--p 00000000 08:01 12586411                   /usr/lib/x86_64-linux-gnu/gtk-2.0/modules/libatk-bridge.so
7f39300dc000-7f39300dd000 rw-p 00001000 08:01 12586411                   /usr/lib/x86_64-linux-gnu/gtk-2.0/modules/libatk-bridge.so
7f39300dd000-7f39300e4000 r-xp 00000000 08:01 12320841                   /usr/lib/x86_64-linux-gnu/libgailutil.so.18.0.1
7f39300e4000-7f39302e3000 ---p 00007000 08:01 12320841                   /usr/lib/x86_64-linux-gnu/libgailutil.so.18.0.1
7f39302e3000-7f39302e4000 r--p 00006000 08:01 12320841                   /usr/lib/x86_64-linux-gnu/libgailutil.so.18.0.1
7f39302e4000-7f39302e5000 rw-p 00007000 08:01 12320841                   /usr/lib/x86_64-linux-gnu/libgailutil.so.18.0.1
7f3930323000-7f3930371000 r-xp 00000000 08:01 12588405                   /usr/lib/x86_64-linux-gnu/gtk-2.0/modules/libgail.so
7f3930371000-7f3930570000 ---p 0004e000 08:01 12588405                   /usr/lib/x86_64-linux-gnu/gtk-2.0/modules/libgail.so
7f3930570000-7f3930571000 r--p 0004d000 08:01 12588405                   /usr/lib/x86_64-linux-gnu/gtk-2.0/modules/libgail.so
7f3930571000-7f3930573000 rw-p 0004e000 08:01 12588405                   /usr/lib/x86_64-linux-gnu/gtk-2.0/modules/libgail.so
7f3930573000-7f3930584000 r-xp 00000000 08:01 12586415                   /usr/lib/x86_64-linux-gnu/gtk-2.0/modules/liboverlay-scrollbar.so
7f3930584000-7f3930784000 ---p 00011000 08:01 12586415                   /usr/lib/x86_64-linux-gnu/gtk-2.0/modules/liboverlay-scrollbar.so
7f3930784000-7f3930785000 r--p 00011000 08:01 12586415                   /usr/lib/x86_64-linux-gnu/gtk-2.0/modules/liboverlay-scrollbar.so
7f3930785000-7f3930786000 rw-p 00012000 08:01 12586415                   /usr/lib/x86_64-linux-gnu/gtk-2.0/modules/liboverlay-scrollbar.so
7f3930786000-7f39307af000 r-xp 00000000 08:01 12463380                   /usr/lib/jvm/java-8-oracle/jre/lib/amd64/libglass.so
7f39307af000-7f39309ae000 ---p 00029000 08:01 12463380                   /usr/lib/jvm/java-8-oracle/jre/lib/amd64/libglass.so
7f39309ae000-7f39309b1000 rw-p 00028000 08:01 12463380                   /usr/lib/jvm/java-8-oracle/jre/lib/amd64/libglass.so
7f39309b1000-7f39309b7000 r-xp 00000000 08:01 12329158                   /usr/lib/x86_64-linux-gnu/libdatrie.so.1.3.3
7f39309b7000-7f3930bb7000 ---p 00006000 08:01 12329158                   /usr/lib/x86_64-linux-gnu/libdatrie.so.1.3.3
7f3930bb7000-7f3930bb8000 r--p 00006000 08:01 12329158                   /usr/lib/x86_64-linux-gnu/libdatrie.so.1.3.3
7f3930bb8000-7f3930bb9000 rw-p 00007000 08:01 12329158                   /usr/lib/x86_64-linux-gnu/libdatrie.so.1.3.3
7f3930bb9000-7f3930bbe000 r-xp 00000000 08:01 12328913                   /usr/lib/x86_64-linux-gnu/libXdmcp.so.6.0.0
7f3930bbe000-7f3930dbd000 ---p 00005000 08:01 12328913                   /usr/lib/x86_64-linux-gnu/libXdmcp.so.6.0.0
7f3930dbd000-7f3930dbe000 r--p 00004000 08:01 12328913                   /usr/lib/x86_64-linux-gnu/libXdmcp.so.6.0.0
7f3930dbe000-7f3930dbf000 rw-p 00005000 08:01 12328913                   /usr/lib/x86_64-linux-gnu/libXdmcp.so.6.0.0
7f3930dbf000-7f3930dc1000 r-xp 00000000 08:01 12328902                   /usr/lib/x86_64-linux-gnu/libXau.so.6.0.0
7f3930dc1000-7f3930fc1000 ---p 00002000 08:01 12328902                   /usr/lib/x86_64-linux-gnu/libXau.so.6.0.0
7f3930fc1000-7f3930fc2000 r--p 00002000 08:01 12328902                   /usr/lib/x86_64-linux-gnu/libXau.so.6.0.0
7f3930fc2000-7f3930fc3000 rw-p 00003000 08:01 12328902                   /usr/lib/x86_64-linux-gnu/libXau.so.6.0.0
7f3930fc3000-7f3930fe7000 r-xp 00000000 08:01 12322404                   /usr/lib/x86_64-linux-gnu/libgraphite2.so.3.0.1
7f3930fe7000-7f39311e6000 ---p 00024000 08:01 12322404                   /usr/lib/x86_64-linux-gnu/libgraphite2.so.3.0.1
7f39311e6000-7f39311e8000 r--p 00023000 08:01 12322404                   /usr/lib/x86_64-linux-gnu/libgraphite2.so.3.0.1
7f39311e8000-7f39311e9000 rw-p 00025000 08:01 12322404                   /usr/lib/x86_64-linux-gnu/libgraphite2.so.3.0.1
7f39311e9000-7f3932bab000 r-xp 00000000 08:01 12328098                   /usr/lib/nvidia-340/libnvidia-glcore.so.340.104
7f3932bab000-7f3932bc9000 rwxp 019c2000 08:01 12328098                   /usr/lib/nvidia-340/libnvidia-glcore.so.340.104
7f3932bc9000-7f3933047000 r-xp 019e0000 08:01 12328098                   /usr/lib/nvidia-340/libnvidia-glcore.so.340.104
7f3933047000-7f3933246000 ---p 01e5e000 08:01 12328098                   /usr/lib/nvidia-340/libnvidia-glcore.so.340.104
7f3933246000-7f3933de0000 rw-p 01e5d000 08:01 12328098                   /usr/lib/nvidia-340/libnvidia-glcore.so.340.104
7f3933de0000-7f3933dfd000 rw-p 00000000 00:00 0 
7f3933dfd000-7f3933e00000 r-xp 00000000 08:01 12322506                   /usr/lib/nvidia-340/tls/libnvidia-tls.so.340.104
7f3933e00000-7f3933fff000 ---p 00003000 08:01 12322506                   /usr/lib/nvidia-340/tls/libnvidia-tls.so.340.104
7f3933fff000-7f3934000000 rw-p 00002000 08:01 12322506                   /usr/lib/nvidia-340/tls/libnvidia-tls.so.340.104
7f3934000000-7f3934635000 rw-p 00000000 00:00 0 
7f3934635000-7f3938000000 ---p 00000000 00:00 0 
7f393802a000-7f39380aa000 rw-s 189803000 00:06 490                       /dev/nvidiactl
7f39380aa000-7f393812a000 rw-s 1746a9000 00:06 490                       /dev/nvidiactl
7f393812a000-7f3938198000 r-xp 00000000 08:01 7475770                    /lib/x86_64-linux-gnu/libpcre.so.3.13.2
7f3938198000-7f3938398000 ---p 0006e000 08:01 7475770                    /lib/x86_64-linux-gnu/libpcre.so.3.13.2
7f3938398000-7f3938399000 r--p 0006e000 08:01 7475770                    /lib/x86_64-linux-gnu/libpcre.so.3.13.2
7f3938399000-7f393839a000 rw-p 0006f000 08:01 7475770                    /lib/x86_64-linux-gnu/libpcre.so.3.13.2
7f393839a000-7f39383a1000 r-xp 00000000 08:01 12329287                   /usr/lib/x86_64-linux-gnu/libffi.so.6.0.4
7f39383a1000-7f39385a0000 ---p 00007000 08:01 12329287                   /usr/lib/x86_64-linux-gnu/libffi.so.6.0.4
7f39385a0000-7f39385a1000 r--p 00006000 08:01 12329287                   /usr/lib/x86_64-linux-gnu/libffi.so.6.0.4
7f39385a1000-7f39385a2000 rw-p 00007000 08:01 12329287                   /usr/lib/x86_64-linux-gnu/libffi.so.6.0.4
7f39385a2000-7f39385c8000 r-xp 00000000 08:01 7475555                    /lib/x86_64-linux-gnu/libexpat.so.1.6.0
7f39385c8000-7f39387c8000 ---p 00026000 08:01 7475555                    /lib/x86_64-linux-gnu/libexpat.so.1.6.0
7f39387c8000-7f39387ca000 r--p 00026000 08:01 7475555                    /lib/x86_64-linux-gnu/libexpat.so.1.6.0
7f39387ca000-7f39387cb000 rw-p 00028000 08:01 7475555                    /lib/x86_64-linux-gnu/libexpat.so.1.6.0
7f39387cb000-7f39387d3000 r-xp 00000000 08:01 12330083                   /usr/lib/x86_64-linux-gnu/libthai.so.0.2.4
7f39387d3000-7f39389d2000 ---p 00008000 08:01 12330083                   /usr/lib/x86_64-linux-gnu/libthai.so.0.2.4
7f39389d2000-7f39389d3000 r--p 00007000 08:01 12330083                   /usr/lib/x86_64-linux-gnu/libthai.so.0.2.4
7f39389d3000-7f39389d4000 rw-p 00008000 08:01 12330083                   /usr/lib/x86_64-linux-gnu/libthai.so.0.2.4
7f39389d4000-7f39389f5000 r-xp 00000000 08:01 12330311                   /usr/lib/x86_64-linux-gnu/libxcb.so.1.1.0
7f39389f5000-7f3938bf4000 ---p 00021000 08:01 12330311                   /usr/lib/x86_64-linux-gnu/libxcb.so.1.1.0
7f3938bf4000-7f3938bf5000 r--p 00020000 08:01 12330311                   /usr/lib/x86_64-linux-gnu/libxcb.so.1.1.0
7f3938bf5000-7f3938bf6000 rw-p 00021000 08:01 12330311                   /usr/lib/x86_64-linux-gnu/libxcb.so.1.1.0
7f3938bf6000-7f3938bfe000 r-xp 00000000 08:01 12330297                   /usr/lib/x86_64-linux-gnu/libxcb-render.so.0.0.0
7f3938bfe000-7f3938dfe000 ---p 00008000 08:01 12330297                   /usr/lib/x86_64-linux-gnu/libxcb-render.so.0.0.0
7f3938dfe000-7f3938dff000 r--p 00008000 08:01 12330297                   /usr/lib/x86_64-linux-gnu/libxcb-render.so.0.0.0
7f3938dff000-7f3938e00000 rw-p 00009000 08:01 12330297                   /usr/lib/x86_64-linux-gnu/libxcb-render.so.0.0.0
7f3938e00000-7f3938e02000 r-xp 00000000 08:01 12330301                   /usr/lib/x86_64-linux-gnu/libxcb-shm.so.0.0.0
7f3938e02000-7f3939002000 ---p 00002000 08:01 12330301                   /usr/lib/x86_64-linux-gnu/libxcb-shm.so.0.0.0
7f3939002000-7f3939003000 r--p 00002000 08:01 12330301                   /usr/lib/x86_64-linux-gnu/libxcb-shm.so.0.0.0
7f3939003000-7f3939004000 rw-p 00003000 08:01 12330301                   /usr/lib/x86_64-linux-gnu/libxcb-shm.so.0.0.0
7f3939004000-7f3939028000 r-xp 00000000 08:01 7475782                    /lib/x86_64-linux-gnu/libpng12.so.0.54.0
7f3939028000-7f3939227000 ---p 00024000 08:01 7475782                    /lib/x86_64-linux-gnu/libpng12.so.0.54.0
7f3939227000-7f3939228000 r--p 00023000 08:01 7475782                    /lib/x86_64-linux-gnu/libpng12.so.0.54.0
7f3939228000-7f3939229000 rw-p 00024000 08:01 7475782                    /lib/x86_64-linux-gnu/libpng12.so.0.54.0
7f3939229000-7f39392c8000 r-xp 00000000 08:01 12329882                   /usr/lib/x86_64-linux-gnu/libpixman-1.so.0.33.6
7f39392c8000-7f39394c8000 ---p 0009f000 08:01 12329882                   /usr/lib/x86_64-linux-gnu/libpixman-1.so.0.33.6
7f39394c8000-7f39394d0000 r--p 0009f000 08:01 12329882                   /usr/lib/x86_64-linux-gnu/libpixman-1.so.0.33.6
7f39394d0000-7f39394d1000 rw-p 000a7000 08:01 12329882                   /usr/lib/x86_64-linux-gnu/libpixman-1.so.0.33.6
7f39394d1000-7f393952d000 r-xp 00000000 08:01 12329550                   /usr/lib/x86_64-linux-gnu/libharfbuzz.so.0.10000.1
7f393952d000-7f393972d000 ---p 0005c000 08:01 12329550                   /usr/lib/x86_64-linux-gnu/libharfbuzz.so.0.10000.1
7f393972d000-7f393972e000 r--p 0005c000 08:01 12329550                   /usr/lib/x86_64-linux-gnu/libharfbuzz.so.0.10000.1
7f393972e000-7f393972f000 rw-p 0005d000 08:01 12329550                   /usr/lib/x86_64-linux-gnu/libharfbuzz.so.0.10000.1
7f393972f000-7f3939746000 r-xp 00000000 08:01 7479151                    /lib/x86_64-linux-gnu/libresolv-2.23.so
7f3939746000-7f3939946000 ---p 00017000 08:01 7479151                    /lib/x86_64-linux-gnu/libresolv-2.23.so
7f3939946000-7f3939947000 r--p 00017000 08:01 7479151                    /lib/x86_64-linux-gnu/libresolv-2.23.so
7f3939947000-7f3939948000 rw-p 00018000 08:01 7479151                    /lib/x86_64-linux-gnu/libresolv-2.23.so
7f3939948000-7f393994a000 rw-p 00000000 00:00 0 
7f393994a000-7f3939969000 r-xp 00000000 08:01 7475799                    /lib/x86_64-linux-gnu/libselinux.so.1
7f3939969000-7f3939b68000 ---p 0001f000 08:01 7475799                    /lib/x86_64-linux-gnu/libselinux.so.1
7f3939b68000-7f3939b69000 r--p 0001e000 08:01 7475799                    /lib/x86_64-linux-gnu/libselinux.so.1
7f3939b69000-7f3939b6a000 rw-p 0001f000 08:01 7475799                    /lib/x86_64-linux-gnu/libselinux.so.1
7f3939b6a000-7f3939b6c000 rw-p 00000000 00:00 0 
7f3939b6c000-7f3939b85000 r-xp 00000000 08:01 7471109                    /lib/x86_64-linux-gnu/libz.so.1.2.8
7f3939b85000-7f3939d84000 ---p 00019000 08:01 7471109                    /lib/x86_64-linux-gnu/libz.so.1.2.8
7f3939d84000-7f3939d85000 r--p 00018000 08:01 7471109                    /lib/x86_64-linux-gnu/libz.so.1.2.8
7f3939d85000-7f3939d86000 rw-p 00019000 08:01 7471109                    /lib/x86_64-linux-gnu/libz.so.1.2.8
7f3939d86000-7f3939d97000 r-xp 00000000 08:01 12328915                   /usr/lib/x86_64-linux-gnu/libXext.so.6.4.0
7f3939d97000-7f3939f96000 ---p 00011000 08:01 12328915                   /usr/lib/x86_64-linux-gnu/libXext.so.6.4.0
7f3939f96000-7f3939f97000 r--p 00010000 08:01 12328915                   /usr/lib/x86_64-linux-gnu/libXext.so.6.4.0
7f3939f97000-7f3939f98000 rw-p 00011000 08:01 12328915                   /usr/lib/x86_64-linux-gnu/libXext.so.6.4.0
7f3939f98000-7f3939f9a000 r-xp 00000000 08:01 12328911                   /usr/lib/x86_64-linux-gnu/libXdamage.so.1.1.0
7f3939f9a000-7f393a199000 ---p 00002000 08:01 12328911                   /usr/lib/x86_64-linux-gnu/libXdamage.so.1.1.0
7f393a199000-7f393a19a000 r--p 00001000 08:01 12328911                   /usr/lib/x86_64-linux-gnu/libXdamage.so.1.1.0
7f393a19a000-7f393a19b000 rw-p 00002000 08:01 12328911                   /usr/lib/x86_64-linux-gnu/libXdamage.so.1.1.0
7f393a19b000-7f393a19d000 r-xp 00000000 08:01 12328907                   /usr/lib/x86_64-linux-gnu/libXcomposite.so.1.0.0
7f393a19d000-7f393a39c000 ---p 00002000 08:01 12328907                   /usr/lib/x86_64-linux-gnu/libXcomposite.so.1.0.0
7f393a39c000-7f393a39d000 r--p 00001000 08:01 12328907                   /usr/lib/x86_64-linux-gnu/libXcomposite.so.1.0.0
7f393a39d000-7f393a39e000 rw-p 00002000 08:01 12328907                   /usr/lib/x86_64-linux-gnu/libXcomposite.so.1.0.0
7f393a39e000-7f393a3a7000 r-xp 00000000 08:01 12321888                   /usr/lib/x86_64-linux-gnu/libXcursor.so.1.0.2
7f393a3a7000-7f393a5a6000 ---p 00009000 08:01 12321888                   /usr/lib/x86_64-linux-gnu/libXcursor.so.1.0.2
7f393a5a6000-7f393a5a7000 r--p 00008000 08:01 12321888                   /usr/lib/x86_64-linux-gnu/libXcursor.so.1.0.2
7f393a5a7000-7f393a5a8000 rw-p 00009000 08:01 12321888                   /usr/lib/x86_64-linux-gnu/libXcursor.so.1.0.2
7f393a5a8000-7f393a5b2000 r-xp 00000000 08:01 12328933                   /usr/lib/x86_64-linux-gnu/libXrandr.so.2.2.0
7f393a5b2000-7f393a7b1000 ---p 0000a000 08:01 12328933                   /usr/lib/x86_64-linux-gnu/libXrandr.so.2.2.0
7f393a7b1000-7f393a7b2000 r--p 00009000 08:01 12328933                   /usr/lib/x86_64-linux-gnu/libXrandr.so.2.2.0
7f393a7b2000-7f393a7b3000 rw-p 0000a000 08:01 12328933                   /usr/lib/x86_64-linux-gnu/libXrandr.so.2.2.0
7f393a7b3000-7f393a7c2000 r-xp 00000000 08:01 12328923                   /usr/lib/x86_64-linux-gnu/libXi.so.6.1.0
7f393a7c2000-7f393a9c1000 ---p 0000f000 08:01 12328923                   /usr/lib/x86_64-linux-gnu/libXi.so.6.1.0
7f393a9c1000-7f393a9c2000 r--p 0000e000 08:01 12328923                   /usr/lib/x86_64-linux-gnu/libXi.so.6.1.0
7f393a9c2000-7f393a9c3000 rw-p 0000f000 08:01 12328923                   /usr/lib/x86_64-linux-gnu/libXi.so.6.1.0
7f393a9c3000-7f393a9c5000 r-xp 00000000 08:01 12328925                   /usr/lib/x86_64-linux-gnu/libXinerama.so.1.0.0
7f393a9c5000-7f393abc4000 ---p 00002000 08:01 12328925                   /usr/lib/x86_64-linux-gnu/libXinerama.so.1.0.0
7f393abc4000-7f393abc5000 r--p 00001000 08:01 12328925                   /usr/lib/x86_64-linux-gnu/libXinerama.so.1.0.0
7f393abc5000-7f393abc6000 rw-p 00002000 08:01 12328925                   /usr/lib/x86_64-linux-gnu/libXinerama.so.1.0.0
7f393abc6000-7f393abcf000 r-xp 00000000 08:01 12328935                   /usr/lib/x86_64-linux-gnu/libXrender.so.1.3.0
7f393abcf000-7f393adce000 ---p 00009000 08:01 12328935                   /usr/lib/x86_64-linux-gnu/libXrender.so.1.3.0
7f393adce000-7f393adcf000 r--p 00008000 08:01 12328935                   /usr/lib/x86_64-linux-gnu/libXrender.so.1.3.0
7f393adcf000-7f393add0000 rw-p 00009000 08:01 12328935                   /usr/lib/x86_64-linux-gnu/libXrender.so.1.3.0
7f393add0000-7f393add5000 r-xp 00000000 08:01 12328917                   /usr/lib/x86_64-linux-gnu/libXfixes.so.3.1.0
7f393add5000-7f393afd4000 ---p 00005000 08:01 12328917                   /usr/lib/x86_64-linux-gnu/libXfixes.so.3.1.0
7f393afd4000-7f393afd5000 r--p 00004000 08:01 12328917                   /usr/lib/x86_64-linux-gnu/libXfixes.so.3.1.0
7f393afd5000-7f393afd6000 rw-p 00005000 08:01 12328917                   /usr/lib/x86_64-linux-gnu/libXfixes.so.3.1.0
7f393afd6000-7f393afec000 r-xp 00000000 08:01 7475679                    /lib/x86_64-linux-gnu/libgcc_s.so.1
7f393afec000-7f393b1eb000 ---p 00016000 08:01 7475679                    /lib/x86_64-linux-gnu/libgcc_s.so.1
7f393b1eb000-7f393b1ec000 rw-p 00015000 08:01 7475679                    /lib/x86_64-linux-gnu/libgcc_s.so.1
7f393b1ec000-7f393b35e000 r-xp 00000000 08:01 12322817                   /usr/lib/x86_64-linux-gnu/libstdc++.so.6.0.21
7f393b35e000-7f393b55e000 ---p 00172000 08:01 12322817                   /usr/lib/x86_64-linux-gnu/libstdc++.so.6.0.21
7f393b55e000-7f393b568000 r--p 00172000 08:01 12322817                   /usr/lib/x86_64-linux-gnu/libstdc++.so.6.0.21
7f393b568000-7f393b56a000 rw-p 0017c000 08:01 12322817                   /usr/lib/x86_64-linux-gnu/libstdc++.so.6.0.21
7f393b56a000-7f393b56e000 rw-p 00000000 00:00 0 
7f393b56e000-7f393b635000 r-xp 00000000 08:01 12322363                   /usr/lib/nvidia-340/libGL.so.340.104
7f393b635000-7f393b664000 rwxp 000c7000 08:01 12322363                   /usr/lib/nvidia-340/libGL.so.340.104
7f393b664000-7f393b680000 r-xp 000f6000 08:01 12322363                   /usr/lib/nvidia-340/libGL.so.340.104
7f393b680000-7f393b87f000 ---p 00112000 08:01 12322363                   /usr/lib/nvidia-340/libGL.so.340.104
7f393b87f000-7f393b8a4000 rw-p 00111000 08:01 12322363                   /usr/lib/nvidia-340/libGL.so.340.104
7f393b8a4000-7f393b8ba000 rw-p 00000000 00:00 0 
7f393b8ba000-7f393b8bf000 r-xp 00000000 08:01 12328951                   /usr/lib/x86_64-linux-gnu/libXxf86vm.so.1.0.0
7f393b8bf000-7f393babe000 ---p 00005000 08:01 12328951                   /usr/lib/x86_64-linux-gnu/libXxf86vm.so.1.0.0
7f393babe000-7f393babf000 r--p 00004000 08:01 12328951                   /usr/lib/x86_64-linux-gnu/libXxf86vm.so.1.0.0
7f393babf000-7f393bac0000 rw-p 00005000 08:01 12328951                   /usr/lib/x86_64-linux-gnu/libXxf86vm.so.1.0.0
7f393bac0000-7f393bbf5000 r-xp 00000000 08:01 12328898                   /usr/lib/x86_64-linux-gnu/libX11.so.6.3.0
7f393bbf5000-7f393bdf5000 ---p 00135000 08:01 12328898                   /usr/lib/x86_64-linux-gnu/libX11.so.6.3.0
7f393bdf5000-7f393bdf6000 r--p 00135000 08:01 12328898                   /usr/lib/x86_64-linux-gnu/libX11.so.6.3.0
7f393bdf6000-7f393bdfa000 rw-p 00136000 08:01 12328898                   /usr/lib/x86_64-linux-gnu/libX11.so.6.3.0
7f393bdfa000-7f393bdff000 r-xp 00000000 08:01 12328941                   /usr/lib/x86_64-linux-gnu/libXtst.so.6.1.0
7f393bdff000-7f393bffe000 ---p 00005000 08:01 12328941                   /usr/lib/x86_64-linux-gnu/libXtst.so.6.1.0
7f393bffe000-7f393bfff000 r--p 00004000 08:01 12328941                   /usr/lib/x86_64-linux-gnu/libXtst.so.6.1.0
7f393bfff000-7f393c000000 rw-p 00005000 08:01 12328941                   /usr/lib/x86_64-linux-gnu/libXtst.so.6.1.0
7f393c000000-7f393c021000 rw-p 00000000 00:00 0 
7f393c021000-7f3940000000 ---p 00000000 00:00 0 
7f3940000000-7f3940021000 rw-p 00000000 00:00 0 
7f3940021000-7f3944000000 ---p 00000000 00:00 0 
7f3944000000-7f3945809000 rw-p 00000000 00:00 0 
7f3945809000-7f3948000000 ---p 00000000 00:00 0 
7f3948000000-7f3948660000 rw-p 00000000 00:00 0 
7f3948660000-7f394c000000 ---p 00000000 00:00 0 
7f394c000000-7f394c021000 rw-p 00000000 00:00 0 
7f394c021000-7f3950000000 ---p 00000000 00:00 0 
7f3950000000-7f39507df000 rw-p 00000000 00:00 0 
7f39507df000-7f3954000000 ---p 00000000 00:00 0 
7f3954000000-7f3954021000 rw-p 00000000 00:00 0 
7f3954021000-7f3958000000 ---p 00000000 00:00 0 
7f3958000000-7f3958021000 rw-p 00000000 00:00 0 
7f3958021000-7f395c000000 ---p 00000000 00:00 0 
7f395c000000-7f395c021000 rw-p 00000000 00:00 0 
7f395c021000-7f3960000000 ---p 00000000 00:00 0 
7f3960000000-7f39602a1000 rw-p 00000000 00:00 0 
7f39602a1000-7f3964000000 ---p 00000000 00:00 0 
7f3964000000-7f3964021000 rw-p 00000000 00:00 0 
7f3964021000-7f3968000000 ---p 00000000 00:00 0 
7f396801d000-7f3968037000 r--p 00000000 08:01 12854603                   /usr/share/locale-langpack/de/LC_MESSAGES/glib20.mo
7f3968037000-7f3968060000 r--p 00000000 08:01 12854649                   /usr/share/locale-langpack/de/LC_MESSAGES/gtk20-properties.mo
7f3968060000-7f39680e0000 rw-s 1486e5000 00:06 490                       /dev/nvidiactl
7f39680e0000-7f39681e0000 rw-s 134960000 00:06 490                       /dev/nvidiactl
7f39681e0000-7f39682ef000 r-xp 00000000 08:01 7475683                    /lib/x86_64-linux-gnu/libglib-2.0.so.0.4800.2
7f39682ef000-7f39684ee000 ---p 0010f000 08:01 7475683                    /lib/x86_64-linux-gnu/libglib-2.0.so.0.4800.2
7f39684ee000-7f39684ef000 r--p 0010e000 08:01 7475683                    /lib/x86_64-linux-gnu/libglib-2.0.so.0.4800.2
7f39684ef000-7f39684f0000 rw-p 0010f000 08:01 7475683                    /lib/x86_64-linux-gnu/libglib-2.0.so.0.4800.2
7f39684f0000-7f39684f1000 rw-p 00000000 00:00 0 
7f39684f1000-7f39684f2000 r-xp 00000000 08:01 12329515                   /usr/lib/x86_64-linux-gnu/libgthread-2.0.so.0.4800.2
7f39684f2000-7f39686f1000 ---p 00001000 08:01 12329515                   /usr/lib/x86_64-linux-gnu/libgthread-2.0.so.0.4800.2
7f39686f1000-7f39686f2000 r--p 00000000 08:01 12329515                   /usr/lib/x86_64-linux-gnu/libgthread-2.0.so.0.4800.2
7f39686f2000-7f39686f3000 rw-p 00001000 08:01 12329515                   /usr/lib/x86_64-linux-gnu/libgthread-2.0.so.0.4800.2
7f39686f3000-7f39686f6000 r-xp 00000000 08:01 12329418                   /usr/lib/x86_64-linux-gnu/libgmodule-2.0.so.0.4800.2
7f39686f6000-7f39688f5000 ---p 00003000 08:01 12329418                   /usr/lib/x86_64-linux-gnu/libgmodule-2.0.so.0.4800.2
7f39688f5000-7f39688f6000 r--p 00002000 08:01 12329418                   /usr/lib/x86_64-linux-gnu/libgmodule-2.0.so.0.4800.2
7f39688f6000-7f39688f7000 rw-p 00003000 08:01 12329418                   /usr/lib/x86_64-linux-gnu/libgmodule-2.0.so.0.4800.2
7f39688f7000-7f3968949000 r-xp 00000000 08:01 12329442                   /usr/lib/x86_64-linux-gnu/libgobject-2.0.so.0.4800.2
7f3968949000-7f3968b48000 ---p 00052000 08:01 12329442                   /usr/lib/x86_64-linux-gnu/libgobject-2.0.so.0.4800.2
7f3968b48000-7f3968b49000 r--p 00051000 08:01 12329442                   /usr/lib/x86_64-linux-gnu/libgobject-2.0.so.0.4800.2
7f3968b49000-7f3968b4a000 rw-p 00052000 08:01 12329442                   /usr/lib/x86_64-linux-gnu/libgobject-2.0.so.0.4800.2
7f3968b4a000-7f3968b87000 r-xp 00000000 08:01 12329301                   /usr/lib/x86_64-linux-gnu/libfontconfig.so.1.9.0
7f3968b87000-7f3968d86000 ---p 0003d000 08:01 12329301                   /usr/lib/x86_64-linux-gnu/libfontconfig.so.1.9.0
7f3968d86000-7f3968d88000 r--p 0003c000 08:01 12329301                   /usr/lib/x86_64-linux-gnu/libfontconfig.so.1.9.0
7f3968d88000-7f3968d8d000 rw-p 0003e000 08:01 12329301                   /usr/lib/x86_64-linux-gnu/libfontconfig.so.1.9.0
7f3968d8d000-7f3968e31000 r-xp 00000000 08:01 12320906                   /usr/lib/x86_64-linux-gnu/libfreetype.so.6.12.1
7f3968e31000-7f3969030000 ---p 000a4000 08:01 12320906                   /usr/lib/x86_64-linux-gnu/libfreetype.so.6.12.1
7f3969030000-7f3969036000 r--p 000a3000 08:01 12320906                   /usr/lib/x86_64-linux-gnu/libfreetype.so.6.12.1
7f3969036000-7f3969037000 rw-p 000a9000 08:01 12320906                   /usr/lib/x86_64-linux-gnu/libfreetype.so.6.12.1
7f3969037000-7f3969080000 r-xp 00000000 08:01 12329852                   /usr/lib/x86_64-linux-gnu/libpango-1.0.so.0.3800.1
7f3969080000-7f3969280000 ---p 00049000 08:01 12329852                   /usr/lib/x86_64-linux-gnu/libpango-1.0.so.0.3800.1
7f3969280000-7f3969282000 r--p 00049000 08:01 12329852                   /usr/lib/x86_64-linux-gnu/libpango-1.0.so.0.3800.1
7f3969282000-7f3969283000 rw-p 0004b000 08:01 12329852                   /usr/lib/x86_64-linux-gnu/libpango-1.0.so.0.3800.1
7f3969283000-7f3969391000 r-xp 00000000 08:01 12329063                   /usr/lib/x86_64-linux-gnu/libcairo.so.2.11400.6
7f3969391000-7f3969591000 ---p 0010e000 08:01 12329063                   /usr/lib/x86_64-linux-gnu/libcairo.so.2.11400.6
7f3969591000-7f3969594000 r--p 0010e000 08:01 12329063                   /usr/lib/x86_64-linux-gnu/libcairo.so.2.11400.6
7f3969594000-7f3969595000 rw-p 00111000 08:01 12329063                   /usr/lib/x86_64-linux-gnu/libcairo.so.2.11400.6
7f3969595000-7f3969597000 rw-p 00000000 00:00 0 
7f3969597000-7f39695a3000 r-xp 00000000 08:01 12329854                   /usr/lib/x86_64-linux-gnu/libpangocairo-1.0.so.0.3800.1
7f39695a3000-7f39697a2000 ---p 0000c000 08:01 12329854                   /usr/lib/x86_64-linux-gnu/libpangocairo-1.0.so.0.3800.1
7f39697a2000-7f39697a3000 r--p 0000b000 08:01 12329854                   /usr/lib/x86_64-linux-gnu/libpangocairo-1.0.so.0.3800.1
7f39697a3000-7f39697a4000 rw-p 0000c000 08:01 12329854                   /usr/lib/x86_64-linux-gnu/libpangocairo-1.0.so.0.3800.1
7f39697a4000-7f39697c5000 r-xp 00000000 08:01 12320823                   /usr/lib/x86_64-linux-gnu/libgdk_pixbuf-2.0.so.0.3200.2
7f39697c5000-7f39699c4000 ---p 00021000 08:01 12320823                   /usr/lib/x86_64-linux-gnu/libgdk_pixbuf-2.0.so.0.3200.2
7f39699c4000-7f39699c5000 r--p 00020000 08:01 12320823                   /usr/lib/x86_64-linux-gnu/libgdk_pixbuf-2.0.so.0.3200.2
7f39699c5000-7f39699c6000 rw-p 00021000 08:01 12320823                   /usr/lib/x86_64-linux-gnu/libgdk_pixbuf-2.0.so.0.3200.2
7f39699c6000-7f39699da000 r-xp 00000000 08:01 12329856                   /usr/lib/x86_64-linux-gnu/libpangoft2-1.0.so.0.3800.1
7f39699da000-7f3969bda000 ---p 00014000 08:01 12329856                   /usr/lib/x86_64-linux-gnu/libpangoft2-1.0.so.0.3800.1
7f3969bda000-7f3969bdb000 r--p 00014000 08:01 12329856                   /usr/lib/x86_64-linux-gnu/libpangoft2-1.0.so.0.3800.1
7f3969bdb000-7f3969bdc000 rw-p 00015000 08:01 12329856                   /usr/lib/x86_64-linux-gnu/libpangoft2-1.0.so.0.3800.1
7f3969bdc000-7f3969d5c000 r-xp 00000000 08:01 12329404                   /usr/lib/x86_64-linux-gnu/libgio-2.0.so.0.4800.2
7f3969d5c000-7f3969f5c000 ---p 00180000 08:01 12329404                   /usr/lib/x86_64-linux-gnu/libgio-2.0.so.0.4800.2
7f3969f5c000-7f3969f60000 r--p 00180000 08:01 12329404                   /usr/lib/x86_64-linux-gnu/libgio-2.0.so.0.4800.2
7f3969f60000-7f3969f62000 rw-p 00184000 08:01 12329404                   /usr/lib/x86_64-linux-gnu/libgio-2.0.so.0.4800.2
7f3969f62000-7f3969f64000 rw-p 00000000 00:00 0 
7f3969f64000-7f3969f86000 r-xp 00000000 08:01 12329006                   /usr/lib/x86_64-linux-gnu/libatk-1.0.so.0.21809.1
7f3969f86000-7f396a185000 ---p 00022000 08:01 12329006                   /usr/lib/x86_64-linux-gnu/libatk-1.0.so.0.21809.1
7f396a185000-7f396a188000 r--p 00021000 08:01 12329006                   /usr/lib/x86_64-linux-gnu/libatk-1.0.so.0.21809.1
7f396a188000-7f396a189000 rw-p 00024000 08:01 12329006                   /usr/lib/x86_64-linux-gnu/libatk-1.0.so.0.21809.1
7f396a189000-7f396a239000 r-xp 00000000 08:01 12321047                   /usr/lib/x86_64-linux-gnu/libgdk-x11-2.0.so.0.2400.30
7f396a239000-7f396a438000 ---p 000b0000 08:01 12321047                   /usr/lib/x86_64-linux-gnu/libgdk-x11-2.0.so.0.2400.30
7f396a438000-7f396a43c000 r--p 000af000 08:01 12321047                   /usr/lib/x86_64-linux-gnu/libgdk-x11-2.0.so.0.2400.30
7f396a43c000-7f396a43e000 rw-p 000b3000 08:01 12321047                   /usr/lib/x86_64-linux-gnu/libgdk-x11-2.0.so.0.2400.30
7f396a43e000-7f396a87c000 r-xp 00000000 08:01 12321070                   /usr/lib/x86_64-linux-gnu/libgtk-x11-2.0.so.0.2400.30
7f396a87c000-7f396aa7b000 ---p 0043e000 08:01 12321070                   /usr/lib/x86_64-linux-gnu/libgtk-x11-2.0.so.0.2400.30
7f396aa7b000-7f396aa82000 r--p 0043d000 08:01 12321070                   /usr/lib/x86_64-linux-gnu/libgtk-x11-2.0.so.0.2400.30
7f396aa82000-7f396aa86000 rw-p 00444000 08:01 12321070                   /usr/lib/x86_64-linux-gnu/libgtk-x11-2.0.so.0.2400.30
7f396aa86000-7f396aa89000 rw-p 00000000 00:00 0 
7f396aa89000-7f396aa95000 r-xp 00000000 08:01 12463409                   /usr/lib/jvm/java-8-oracle/jre/lib/amd64/libprism_es2.so
7f396aa95000-7f396ac94000 ---p 0000c000 08:01 12463409                   /usr/lib/jvm/java-8-oracle/jre/lib/amd64/libprism_es2.so
7f396ac94000-7f396ac95000 rw-p 0000b000 08:01 12463409                   /usr/lib/jvm/java-8-oracle/jre/lib/amd64/libprism_es2.so
7f396ac95000-7f396ac98000 ---p 00000000 00:00 0 
7f396ac98000-7f396ad96000 rw-p 00000000 00:00 0 
7f396ad96000-7f396ad97000 ---p 00000000 00:00 0 
7f396ad97000-7f396ae97000 rw-p 00000000 00:00 0 
7f396ae97000-7f396ae9a000 ---p 00000000 00:00 0 
7f396ae9a000-7f396af98000 rw-p 00000000 00:00 0 
7f396af98000-7f396af9b000 ---p 00000000 00:00 0 
7f396af9b000-7f396b099000 rw-p 00000000 00:00 0 
7f396b099000-7f396b09c000 ---p 00000000 00:00 0 
7f396b09c000-7f396b19a000 rw-p 00000000 00:00 0 
7f396b19a000-7f396b19d000 ---p 00000000 00:00 0 
7f396b19d000-7f396b29b000 rw-p 00000000 00:00 0 
7f396b29b000-7f396b29e000 ---p 00000000 00:00 0 
7f396b29e000-7f396b39c000 rw-p 00000000 00:00 0 
7f396b39c000-7f396b7f8000 r--p 00000000 08:01 12322387                   /usr/lib/locale/locale-archive
7f396b7f8000-7f396b7fb000 ---p 00000000 00:00 0 
7f396b7fb000-7f396b8f9000 rw-p 00000000 00:00 0 
7f396b8f9000-7f396b8fc000 ---p 00000000 00:00 0 
7f396b8fc000-7f396b9fa000 rw-p 00000000 00:00 0 
7f396b9fa000-7f396b9fb000 ---p 00000000 00:00 0 
7f396b9fb000-7f396c000000 rw-p 00000000 00:00 0 
7f396c000000-7f396c021000 rw-p 00000000 00:00 0 
7f396c021000-7f3970000000 ---p 00000000 00:00 0 
7f3970003000-7f3970029000 r--p 00000000 08:01 12854707                   /usr/share/locale-langpack/de/LC_MESSAGES/libc.mo
7f3970029000-7f3970049000 rw-s c07e0000 00:06 491                        /dev/nvidia0
7f3970049000-7f39700fd000 rw-s 22ff23000 00:06 490                       /dev/nvidiactl
7f39700fd000-7f3974000000 rw-p 00000000 00:00 0 
7f3974000000-7f3974021000 rw-p 00000000 00:00 0 
7f3974021000-7f3978000000 ---p 00000000 00:00 0 
7f3978004000-7f3978044000 rw-s 23384d000 00:06 490                       /dev/nvidiactl
7f3978044000-7f3978064000 rw-s 17bd77000 00:06 490                       /dev/nvidiactl
7f3978064000-7f39780f9000 r--s 0110b000 08:01 12463259                   /usr/lib/jvm/java-8-oracle/jre/lib/ext/jfxrt.jar
7f39780f9000-7f3978e00000 rw-p 00000000 00:00 0 
7f3978e00000-7f3979000000 ---p 00000000 00:00 0 
7f3979000000-7f3979380000 rwxp 00000000 00:00 0 
7f3979380000-7f3988000000 ---p 00000000 00:00 0 
7f3988000000-7f3988408000 rw-p 00000000 00:00 0 
7f3988408000-7f398c000000 ---p 00000000 00:00 0 
7f398c000000-7f398c006000 r--s 00048000 08:01 10499040                   /home/anja/.m2/repository/org/jsoup/jsoup/1.9.1/jsoup-1.9.1.jar
7f398c006000-7f398c00d000 r--p 00000000 08:01 4996018                    /home/anja/.config/dconf/user
7f398c00d000-7f398c014000 r--s 00000000 08:01 12586673                   /usr/lib/x86_64-linux-gnu/gconv/gconv-modules.cache
7f398c014000-7f398c0e7000 rw-p 00000000 00:00 0 
7f398c0e7000-7f398c2c1000 r--s 03d68000 08:01 12463447                   /usr/lib/jvm/java-8-oracle/jre/lib/rt.jar
7f398c2c1000-7f398c6f7000 rw-p 00000000 00:00 0 
7f398c6f7000-7f398c6f8000 ---p 00000000 00:00 0 
7f398c6f8000-7f398c7f8000 rw-p 00000000 00:00 0 
7f398c7f8000-7f398c7f9000 ---p 00000000 00:00 0 
7f398c7f9000-7f398c8f9000 rw-p 00000000 00:00 0 
7f398c8f9000-7f398c8fa000 ---p 00000000 00:00 0 
7f398c8fa000-7f398c9fa000 rw-p 00000000 00:00 0 
7f398c9fa000-7f398c9fb000 ---p 00000000 00:00 0 
7f398c9fb000-7f398cb2a000 rw-p 00000000 00:00 0 
7f398cb2a000-7f398cd7b000 ---p 00000000 00:00 0 
7f398cd7b000-7f398cdaa000 rw-p 00000000 00:00 0 
7f398cdaa000-7f398cffb000 ---p 00000000 00:00 0 
7f398cffb000-7f398d0a3000 rw-p 00000000 00:00 0 
7f398d0a3000-7f398d13b000 ---p 00000000 00:00 0 
7f398d13b000-7f398d14a000 rw-p 00000000 00:00 0 
7f398d14a000-7f398d4fc000 ---p 00000000 00:00 0 
7f398d4fc000-7f398d517000 r-xp 00000000 08:01 12463401                   /usr/lib/jvm/java-8-oracle/jre/lib/amd64/libzip.so
7f398d517000-7f398d717000 ---p 0001b000 08:01 12463401                   /usr/lib/jvm/java-8-oracle/jre/lib/amd64/libzip.so
7f398d717000-7f398d718000 rw-p 0001b000 08:01 12463401                   /usr/lib/jvm/java-8-oracle/jre/lib/amd64/libzip.so
7f398d718000-7f398d723000 r-xp 00000000 08:01 7479160                    /lib/x86_64-linux-gnu/libnss_files-2.23.so
7f398d723000-7f398d922000 ---p 0000b000 08:01 7479160                    /lib/x86_64-linux-gnu/libnss_files-2.23.so
7f398d922000-7f398d923000 r--p 0000a000 08:01 7479160                    /lib/x86_64-linux-gnu/libnss_files-2.23.so
7f398d923000-7f398d924000 rw-p 0000b000 08:01 7479160                    /lib/x86_64-linux-gnu/libnss_files-2.23.so
7f398d924000-7f398d92a000 rw-p 00000000 00:00 0 
7f398d92a000-7f398d935000 r-xp 00000000 08:01 7479164                    /lib/x86_64-linux-gnu/libnss_nis-2.23.so
7f398d935000-7f398db34000 ---p 0000b000 08:01 7479164                    /lib/x86_64-linux-gnu/libnss_nis-2.23.so
7f398db34000-7f398db35000 r--p 0000a000 08:01 7479164                    /lib/x86_64-linux-gnu/libnss_nis-2.23.so
7f398db35000-7f398db36000 rw-p 0000b000 08:01 7479164                    /lib/x86_64-linux-gnu/libnss_nis-2.23.so
7f398db36000-7f398db4c000 r-xp 00000000 08:01 7475831                    /lib/x86_64-linux-gnu/libnsl-2.23.so
7f398db4c000-7f398dd4b000 ---p 00016000 08:01 7475831                    /lib/x86_64-linux-gnu/libnsl-2.23.so
7f398dd4b000-7f398dd4c000 r--p 00015000 08:01 7475831                    /lib/x86_64-linux-gnu/libnsl-2.23.so
7f398dd4c000-7f398dd4d000 rw-p 00016000 08:01 7475831                    /lib/x86_64-linux-gnu/libnsl-2.23.so
7f398dd4d000-7f398dd4f000 rw-p 00000000 00:00 0 
7f398dd4f000-7f398dd57000 r-xp 00000000 08:01 7479155                    /lib/x86_64-linux-gnu/libnss_compat-2.23.so
7f398dd57000-7f398df56000 ---p 00008000 08:01 7479155                    /lib/x86_64-linux-gnu/libnss_compat-2.23.so
7f398df56000-7f398df57000 r--p 00007000 08:01 7479155                    /lib/x86_64-linux-gnu/libnss_compat-2.23.so
7f398df57000-7f398df58000 rw-p 00008000 08:01 7479155                    /lib/x86_64-linux-gnu/libnss_compat-2.23.so
7f398df58000-7f398df83000 r-xp 00000000 08:01 12463395                   /usr/lib/jvm/java-8-oracle/jre/lib/amd64/libjava.so
7f398df83000-7f398e182000 ---p 0002b000 08:01 12463395                   /usr/lib/jvm/java-8-oracle/jre/lib/amd64/libjava.so
7f398e182000-7f398e184000 rw-p 0002a000 08:01 12463395                   /usr/lib/jvm/java-8-oracle/jre/lib/amd64/libjava.so
7f398e184000-7f398e191000 r-xp 00000000 08:01 12463400                   /usr/lib/jvm/java-8-oracle/jre/lib/amd64/libverify.so
7f398e191000-7f398e391000 ---p 0000d000 08:01 12463400                   /usr/lib/jvm/java-8-oracle/jre/lib/amd64/libverify.so
7f398e391000-7f398e393000 rw-p 0000d000 08:01 12463400                   /usr/lib/jvm/java-8-oracle/jre/lib/amd64/libverify.so
7f398e393000-7f398e39a000 r-xp 00000000 08:01 7479165                    /lib/x86_64-linux-gnu/librt-2.23.so
7f398e39a000-7f398e599000 ---p 00007000 08:01 7479165                    /lib/x86_64-linux-gnu/librt-2.23.so
7f398e599000-7f398e59a000 r--p 00006000 08:01 7479165                    /lib/x86_64-linux-gnu/librt-2.23.so
7f398e59a000-7f398e59b000 rw-p 00007000 08:01 7479165                    /lib/x86_64-linux-gnu/librt-2.23.so
7f398e59b000-7f398e6a3000 r-xp 00000000 08:01 7472483                    /lib/x86_64-linux-gnu/libm-2.23.so
7f398e6a3000-7f398e8a2000 ---p 00108000 08:01 7472483                    /lib/x86_64-linux-gnu/libm-2.23.so
7f398e8a2000-7f398e8a3000 r--p 00107000 08:01 7472483                    /lib/x86_64-linux-gnu/libm-2.23.so
7f398e8a3000-7f398e8a4000 rw-p 00108000 08:01 7472483                    /lib/x86_64-linux-gnu/libm-2.23.so
7f398e8a4000-7f398f57d000 r-xp 00000000 08:01 12463423                   /usr/lib/jvm/java-8-oracle/jre/lib/amd64/server/libjvm.so
7f398f57d000-7f398f77c000 ---p 00cd9000 08:01 12463423                   /usr/lib/jvm/java-8-oracle/jre/lib/amd64/server/libjvm.so
7f398f77c000-7f398f856000 rw-p 00cd8000 08:01 12463423                   /usr/lib/jvm/java-8-oracle/jre/lib/amd64/server/libjvm.so
7f398f856000-7f398f8a1000 rw-p 00000000 00:00 0 
7f398f8a1000-7f398fa61000 r-xp 00000000 08:01 7479147                    /lib/x86_64-linux-gnu/libc-2.23.so
7f398fa61000-7f398fc61000 ---p 001c0000 08:01 7479147                    /lib/x86_64-linux-gnu/libc-2.23.so
7f398fc61000-7f398fc65000 r--p 001c0000 08:01 7479147                    /lib/x86_64-linux-gnu/libc-2.23.so
7f398fc65000-7f398fc67000 rw-p 001c4000 08:01 7479147                    /lib/x86_64-linux-gnu/libc-2.23.so
7f398fc67000-7f398fc6b000 rw-p 00000000 00:00 0 
7f398fc6b000-7f398fc6e000 r-xp 00000000 08:01 7479149                    /lib/x86_64-linux-gnu/libdl-2.23.so
7f398fc6e000-7f398fe6d000 ---p 00003000 08:01 7479149                    /lib/x86_64-linux-gnu/libdl-2.23.so
7f398fe6d000-7f398fe6e000 r--p 00002000 08:01 7479149                    /lib/x86_64-linux-gnu/libdl-2.23.so
7f398fe6e000-7f398fe6f000 rw-p 00003000 08:01 7479149                    /lib/x86_64-linux-gnu/libdl-2.23.so
7f398fe6f000-7f398fe85000 r-xp 00000000 08:01 12463080                   /usr/lib/jvm/java-8-oracle/lib/amd64/jli/libjli.so
7f398fe85000-7f3990084000 ---p 00016000 08:01 12463080                   /usr/lib/jvm/java-8-oracle/lib/amd64/jli/libjli.so
7f3990084000-7f3990085000 rw-p 00015000 08:01 12463080                   /usr/lib/jvm/java-8-oracle/lib/amd64/jli/libjli.so
7f3990085000-7f399009d000 r-xp 00000000 08:01 7479146                    /lib/x86_64-linux-gnu/libpthread-2.23.so
7f399009d000-7f399029c000 ---p 00018000 08:01 7479146                    /lib/x86_64-linux-gnu/libpthread-2.23.so
7f399029c000-7f399029d000 r--p 00017000 08:01 7479146                    /lib/x86_64-linux-gnu/libpthread-2.23.so
7f399029d000-7f399029e000 rw-p 00018000 08:01 7479146                    /lib/x86_64-linux-gnu/libpthread-2.23.so
7f399029e000-7f39902a2000 rw-p 00000000 00:00 0 
7f39902a2000-7f39902c8000 r-xp 00000000 08:01 7479137                    /lib/x86_64-linux-gnu/ld-2.23.so
7f39902c8000-7f39902c9000 r--s 00005000 08:01 10885254                   /home/anja/.m2/repository/com/googlecode/json-simple/json-simple/1.1.1/json-simple-1.1.1.jar
7f39902c9000-7f39902d8000 r--p 00000000 08:01 12854650                   /usr/share/locale-langpack/de/LC_MESSAGES/gtk20.mo
7f39902d8000-7f39902df000 rw-s 104a09000 00:06 490                       /dev/nvidiactl
7f39902df000-7f3990383000 rw-p 00000000 00:00 0 
7f3990383000-7f3990386000 ---p 00000000 00:00 0 
7f3990386000-7f3990489000 rw-p 00000000 00:00 0 
7f3990489000-7f399048b000 rw-s 00000000 08:01 5243728                    /tmp/.gl3gXfLC (deleted)
7f399048b000-7f399048c000 r--s 00000000 00:2c 39                         /run/user/1000/dconf/user
7f399048c000-7f399048f000 r--p 00000000 08:01 12854504                   /usr/share/locale-langpack/de/LC_MESSAGES/atk10.mo
7f399048f000-7f3990490000 rw-s 104a08000 00:06 490                       /dev/nvidiactl
7f3990490000-7f3990494000 rw-s 11a69c000 00:06 490                       /dev/nvidiactl
7f3990494000-7f3990495000 rw-s cff88000 00:06 491                        /dev/nvidia0
7f3990495000-7f3990496000 rw-s 232f2a000 00:06 490                       /dev/nvidiactl
7f3990496000-7f3990497000 rw-s f0060000 00:06 491                        /dev/nvidia0
7f3990497000-7f39904bd000 rw-p 00000000 00:00 0 
7f39904bd000-7f39904c5000 rw-s 00000000 08:01 5243727                    /tmp/hsperfdata_anja/14970
7f39904c5000-7f39904c6000 rw-p 00000000 00:00 0 
7f39904c6000-7f39904c7000 ---p 00000000 00:00 0 
7f39904c7000-7f39904c8000 r--p 00025000 08:01 7479137                    /lib/x86_64-linux-gnu/ld-2.23.so
7f39904c8000-7f39904c9000 rw-p 00026000 08:01 7479137                    /lib/x86_64-linux-gnu/ld-2.23.so
7f39904c9000-7f39904ca000 rw-p 00000000 00:00 0 
7fff05363000-7fff05384000 rw-p 00000000 00:00 0                          [stack]
7fff053a8000-7fff053ab000 r--p 00000000 00:00 0                          [vvar]
7fff053ab000-7fff053ad000 r-xp 00000000 00:00 0                          [vdso]
ffffffffff600000-ffffffffff601000 r-xp 00000000 00:00 0                  [vsyscall]

VM Arguments:
jvm_args: -Dfile.encoding=UTF-8 
java_command: Extractor.Main
java_class_path (initial): /home/anja/workspace/instruments/target/classes:/home/anja/.m2/repository/org/jsoup/jsoup/1.9.1/jsoup-1.9.1.jar:/home/anja/.m2/repository/com/googlecode/json-simple/json-simple/1.1.1/json-simple-1.1.1.jar:/home/anja/.m2/repository/org/apache/httpcomponents/httpclient/4.5.5/httpclient-4.5.5.jar:/home/anja/.m2/repository/org/apache/httpcomponents/httpcore/4.4.9/httpcore-4.4.9.jar:/home/anja/.m2/repository/commons-logging/commons-logging/1.2/commons-logging-1.2.jar:/home/anja/.m2/repository/commons-codec/commons-codec/1.10/commons-codec-1.10.jar:/home/anja/.m2/repository/com/fasterxml/jackson/core/jackson-databind/2.2.3/jackson-databind-2.2.3.jar:/home/anja/.m2/repository/com/fasterxml/jackson/core/jackson-annotations/2.2.3/jackson-annotations-2.2.3.jar:/home/anja/.m2/repository/com/fasterxml/jackson/core/jackson-core/2.2.3/jackson-core-2.2.3.jar
Launcher Type: SUN_STANDARD

Environment Variables:
JAVA_HOME=/usr/lib/jvm/java-8-oracle
PATH=/home/anja/bin:/home/anja/.local/bin:/usr/local/sbin:/usr/local/bin:/usr/sbin:/usr/bin:/sbin:/bin:/usr/games:/usr/local/games:/snap/bin:/usr/lib/jvm/java-8-oracle/bin:/usr/lib/jvm/java-8-oracle/db/bin:/usr/lib/jvm/java-8-oracle/jre/bin
SHELL=/bin/bash
DISPLAY=:0

Signal Handlers:
SIGSEGV: [libjvm.so+0xad0890], sa_mask[0]=11111111011111111101111111111110, sa_flags=SA_RESTART|SA_SIGINFO
SIGBUS: [libjvm.so+0xad0890], sa_mask[0]=11111111011111111101111111111110, sa_flags=SA_RESTART|SA_SIGINFO
SIGFPE: [libjvm.so+0x928640], sa_mask[0]=11111111011111111101111111111110, sa_flags=SA_RESTART|SA_SIGINFO
SIGPIPE: SIG_IGN, sa_mask[0]=00000000000010000000000000000000, sa_flags=SA_RESTART
SIGXFSZ: [libjvm.so+0x928640], sa_mask[0]=11111111011111111101111111111110, sa_flags=SA_RESTART|SA_SIGINFO
SIGILL: [libjvm.so+0x928640], sa_mask[0]=11111111011111111101111111111110, sa_flags=SA_RESTART|SA_SIGINFO
SIGUSR1: SIG_DFL, sa_mask[0]=00000000000000000000000000000000, sa_flags=none
SIGUSR2: [libjvm.so+0x929ea0], sa_mask[0]=00100000000000000000000000000000, sa_flags=SA_RESTART|SA_SIGINFO
SIGHUP: [libjvm.so+0x92b2a0], sa_mask[0]=11111111011111111101111111111110, sa_flags=SA_RESTART|SA_SIGINFO
SIGINT: [libjvm.so+0x92b2a0], sa_mask[0]=11111111011111111101111111111110, sa_flags=SA_RESTART|SA_SIGINFO
SIGTERM: [libjvm.so+0x92b2a0], sa_mask[0]=11111111011111111101111111111110, sa_flags=SA_RESTART|SA_SIGINFO
SIGQUIT: [libjvm.so+0x92b2a0], sa_mask[0]=11111111011111111101111111111110, sa_flags=SA_RESTART|SA_SIGINFO


---------------  S Y S T E M  ---------------

OS:DISTRIB_ID=Ubuntu
DISTRIB_RELEASE=16.04
DISTRIB_CODENAME=xenial
DISTRIB_DESCRIPTION="Ubuntu 16.04.4 LTS"

uname:Linux 4.13.0-45-generic #50~16.04.1-Ubuntu SMP Wed May 30 11:18:27 UTC 2018 x86_64
libc:glibc 2.23 NPTL 2.23 
rlimit: STACK 8192k, CORE 0k, NPROC 30510, NOFILE 1048576, AS infinity
load average:13,40 3,47 1,63

/proc/meminfo:
MemTotal:        7862924 kB
MemFree:          109788 kB
MemAvailable:       4104 kB
Buffers:             804 kB
Cached:            85584 kB
SwapCached:         9324 kB
Active:          6404676 kB
Inactive:         926844 kB
Active(anon):    6395640 kB
Inactive(anon):   913636 kB
Active(file):       9036 kB
Inactive(file):    13208 kB
Unevictable:          80 kB
Mlocked:              80 kB
SwapTotal:       8077308 kB
SwapFree:              0 kB
Dirty:               484 kB
Writeback:             0 kB
AnonPages:       7237448 kB
Mapped:           180400 kB
Shmem:             63528 kB
Slab:             107640 kB
SReclaimable:      40048 kB
SUnreclaim:        67592 kB
KernelStack:       24832 kB
PageTables:        94912 kB
NFS_Unstable:          0 kB
Bounce:                0 kB
WritebackTmp:          0 kB
CommitLimit:    12008768 kB
Committed_AS:   31379148 kB
VmallocTotal:   34359738367 kB
VmallocUsed:           0 kB
VmallocChunk:          0 kB
HardwareCorrupted:     0 kB
AnonHugePages:         0 kB
ShmemHugePages:        0 kB
ShmemPmdMapped:        0 kB
CmaTotal:              0 kB
CmaFree:               0 kB
HugePages_Total:       0
HugePages_Free:        0
HugePages_Rsvd:        0
HugePages_Surp:        0
Hugepagesize:       2048 kB
DirectMap4k:      475160 kB
DirectMap2M:     7604224 kB


CPU:total 4 (initial active 4) (2 cores per cpu, 2 threads per core) family 6 model 58 stepping 9, cmov, cx8, fxsr, mmx, sse, sse2, sse3, ssse3, sse4.1, sse4.2, popcnt, avx, aes, clmul, erms, ht, tsc, tscinvbit, tscinv

/proc/cpuinfo:
processor	: 0
vendor_id	: GenuineIntel
cpu family	: 6
model		: 58
model name	: Intel(R) Core(TM) i5-3320M CPU @ 2.60GHz
stepping	: 9
microcode	: 0x1f
cpu MHz		: 3092.757
cache size	: 3072 KB
physical id	: 0
siblings	: 4
core id		: 0
cpu cores	: 2
apicid		: 0
initial apicid	: 0
fpu		: yes
fpu_exception	: yes
cpuid level	: 13
wp		: yes
flags		: fpu vme de pse tsc msr pae mce cx8 apic sep mtrr pge mca cmov pat pse36 clflush dts acpi mmx fxsr sse sse2 ss ht tm pbe syscall nx rdtscp lm constant_tsc arch_perfmon pebs bts rep_good nopl xtopology nonstop_tsc cpuid aperfmperf pni pclmulqdq dtes64 monitor ds_cpl vmx smx est tm2 ssse3 cx16 xtpr pdcm pcid sse4_1 sse4_2 x2apic popcnt tsc_deadline_timer aes xsave avx f16c rdrand lahf_lm cpuid_fault epb pti retpoline spec_ctrl tpr_shadow vnmi flexpriority ept vpid fsgsbase smep erms xsaveopt dtherm ida arat pln pts
bugs		: cpu_meltdown spectre_v1 spectre_v2 spec_store_bypass
bogomips	: 5187.82
clflush size	: 64
cache_alignment	: 64
address sizes	: 36 bits physical, 48 bits virtual
power management:

processor	: 1
vendor_id	: GenuineIntel
cpu family	: 6
model		: 58
model name	: Intel(R) Core(TM) i5-3320M CPU @ 2.60GHz
stepping	: 9
microcode	: 0x1f
cpu MHz		: 3092.751
cache size	: 3072 KB
physical id	: 0
siblings	: 4
core id		: 0
cpu cores	: 2
apicid		: 1
initial apicid	: 1
fpu		: yes
fpu_exception	: yes
cpuid level	: 13
wp		: yes
flags		: fpu vme de pse tsc msr pae mce cx8 apic sep mtrr pge mca cmov pat pse36 clflush dts acpi mmx fxsr sse sse2 ss ht tm pbe syscall nx rdtscp lm constant_tsc arch_perfmon pebs bts rep_good nopl xtopology nonstop_tsc cpuid aperfmperf pni pclmulqdq dtes64 monitor ds_cpl vmx smx est tm2 ssse3 cx16 xtpr pdcm pcid sse4_1 sse4_2 x2apic popcnt tsc_deadline_timer aes xsave avx f16c rdrand lahf_lm cpuid_fault epb pti retpoline spec_ctrl tpr_shadow vnmi flexpriority ept vpid fsgsbase smep erms xsaveopt dtherm ida arat pln pts
bugs		: cpu_meltdown spectre_v1 spectre_v2 spec_store_bypass
bogomips	: 5187.82
clflush size	: 64
cache_alignment	: 64
address sizes	: 36 bits physical, 48 bits virtual
power management:

processor	: 2
vendor_id	: GenuineIntel
cpu family	: 6
model		: 58
model name	: Intel(R) Core(TM) i5-3320M CPU @ 2.60GHz
stepping	: 9
microcode	: 0x1f
cpu MHz		: 3121.968
cache size	: 3072 KB
physical id	: 0
siblings	: 4
core id		: 1
cpu cores	: 2
apicid		: 2
initial apicid	: 2
fpu		: yes
fpu_exception	: yes
cpuid level	: 13
wp		: yes
flags		: fpu vme de pse tsc msr pae mce cx8 apic sep mtrr pge mca cmov pat pse36 clflush dts acpi mmx fxsr sse sse2 ss ht tm pbe syscall nx rdtscp lm constant_tsc arch_perfmon pebs bts rep_good nopl xtopology nonstop_tsc cpuid aperfmperf pni pclmulqdq dtes64 monitor ds_cpl vmx smx est tm2 ssse3 cx16 xtpr pdcm pcid sse4_1 sse4_2 x2apic popcnt tsc_deadline_timer aes xsave avx f16c rdrand lahf_lm cpuid_fault epb pti retpoline spec_ctrl tpr_shadow vnmi flexpriority ept vpid fsgsbase smep erms xsaveopt dtherm ida arat pln pts
bugs		: cpu_meltdown spectre_v1 spectre_v2 spec_store_bypass
bogomips	: 5187.82
clflush size	: 64
cache_alignment	: 64
address sizes	: 36 bits physical, 48 bits virtual
power management:

processor	: 3
vendor_id	: GenuineIntel
cpu family	: 6
model		: 58
model name	: Intel(R) Core(TM) i5-3320M CPU @ 2.60GHz
stepping	: 9
microcode	: 0x1f
cpu MHz		: 3119.032
cache size	: 3072 KB
physical id	: 0
siblings	: 4
core id		: 1
cpu cores	: 2
apicid		: 3
initial apicid	: 3
fpu		: yes
fpu_exception	: yes
cpuid level	: 13
wp		: yes
flags		: fpu vme de pse tsc msr pae mce cx8 apic sep mtrr pge mca cmov pat pse36 clflush dts acpi mmx fxsr sse sse2 ss ht tm pbe syscall nx rdtscp lm constant_tsc arch_perfmon pebs bts rep_good nopl xtopology nonstop_tsc cpuid aperfmperf pni pclmulqdq dtes64 monitor ds_cpl vmx smx est tm2 ssse3 cx16 xtpr pdcm pcid sse4_1 sse4_2 x2apic popcnt tsc_deadline_timer aes xsave avx f16c rdrand lahf_lm cpuid_fault epb pti retpoline spec_ctrl tpr_shadow vnmi flexpriority ept vpid fsgsbase smep erms xsaveopt dtherm ida arat pln pts
bugs		: cpu_meltdown spectre_v1 spectre_v2 spec_store_bypass
bogomips	: 5187.82
clflush size	: 64
cache_alignment	: 64
address sizes	: 36 bits physical, 48 bits virtual
power management:



Memory: 4k page, physical 7862924k(109520k free), swap 8077308k(0k free)

vm_info: Java HotSpot(TM) 64-Bit Server VM (25.171-b11) for linux-amd64 JRE (1.8.0_171-b11), built on Mar 28 2018 17:07:08 by "java_re" with gcc 4.3.0 20080428 (Red Hat 4.3.0-8)

time: Thu Jun 14 17:32:42 2018
elapsed time: 11 seconds (0d 0h 0m 11s)

